This is pdfTeX, Version 3.14159265-2.6-1.40.20 (TeX Live 2019/Debian) (preloaded format=pdftex 2022.5.30)  3 JUN 2022 15:48
entering extended mode
 restricted \write18 enabled.
 %&-line parsing enabled.
**cweave.tex
(./cweave.tex (./cwebmac.tex
\PPbox=\box16
\MMbox=\box17
\MGbox=\box18
\MODbox=\box19
\bak=\box20
\bakk=\box21
\ind=\count27
\gdepth=\count28
\secpagedepth=\count29
\gtitle=\toks13
\intersecskip=\skip18
\toksA=\toks14
\toksB=\toks15
\toksC=\toks16
\toksD=\toks17
\toksE=\toks18
\toksF=\toks19
\usersanitizer=\toks20
\countA=\count30
\countB=\count31
\countC=\count32
\pagewidth=\dimen16
\pageheight=\dimen17
\fullpageheight=\dimen18
\pageshift=\dimen19
\cont=\write0
\sbox=\box22
\lbox=\box23
\twodigits=\count33
) *1 [110{/var/lib/texmf/fonts/map/pdftex/updmap/pdftex.map}
\openout0 = `cweave.toc'.

] [111] [112] [113] [114] [115] *20 [116] [117] [118] [119] [120]
[121] [122] [123] *35 [124] [125] [126] *43 [127] [128] [129] [130] [131]
[132] [133] [134] [135] *67 [136] [137] [138] [139] [140] [141] *85 [142]
[143] [144] [145] *98 [146] [147] [148] [149] *105 [150] [151] [152] [153]
[154] [155] [156] [157]
\prodno=\count34
\midcol=\dimen20
 [158] [159] [160] [161] [162] [163] [164] *112 [165]
[166] [167] [168] [169] [170] [171] [172] [173] [174] [175] [176] [177]
[178] [179] [180] [181] [182] [183] [184] [185] [186] [187] [188] [189]
[190] [191] [192] [193] [194] *193 [195] [196] [197] [198] [199] [200] [201]
*206 [202] [203] [204] [205] [206] [207] [208] [209] [210] [211] *227 [212]
[213] [214] [215] [216] [217] [218] *247 [219] [220] [221] [222] [223] [224]
[225] [226] *271 Index: (./cweave.idx [227] [228] [229] [230] [231] [232]
[233]) [234] (./cweave.toc) Section names: (./cweave.scn [235] [236]) [237]
Table of contents: (./cweave.toc) [109] )</usr/share/texlive/texmf-dist/fonts/t
ype1/public/amsfonts/cm/cmbx10.pfb></usr/share/texlive/texmf-dist/fonts/type1/p
ublic/amsfonts/cm/cmex10.pfb></usr/share/texlive/texmf-dist/fonts/type1/public/
amsfonts/cm/cmmi10.pfb></usr/share/texlive/texmf-dist/fonts/type1/public/amsfon
ts/cm/cmmi7.pfb></usr/share/texlive/texmf-dist/fonts/type1/public/amsfonts/cm/c
mr10.pfb></usr/share/texlive/texmf-dist/fonts/type1/public/amsfonts/cm/cmr7.pfb
></usr/share/texlive/texmf-dist/fonts/type1/public/amsfonts/cm/cmr8.pfb></usr/s
hare/texlive/texmf-dist/fonts/type1/public/amsfonts/cm/cmr9.pfb></usr/share/tex
live/texmf-dist/fonts/type1/public/amsfonts/cm/cmsy10.pfb></usr/share/texlive/t
exmf-dist/fonts/type1/public/amsfonts/cm/cmsy7.pfb></usr/share/texlive/texmf-di
st/fonts/type1/public/amsfonts/cm/cmtex10.pfb></usr/share/texlive/texmf-dist/fo
nts/type1/public/amsfonts/cm/cmti10.pfb></usr/share/texlive/texmf-dist/fonts/ty
pe1/public/amsfonts/cm/cmtt10.pfb>
Output written on cweave.pdf (129 pages, 834207 bytes).
PDF statistics:
 5779 PDF objects out of 6186 (max. 8388607)
 5579 compressed objects within 56 object streams
 1 named destinations out of 1000 (max. 500000)
 1193 words of extra memory for PDF output out of 10000 (max. 10000000)

