This is pdfTeX, Version 3.141592653-2.6-1.40.22 (TeX Live 2022/dev/Debian) (preloaded format=pdflatex 2022.11.4)  23 NOV 2022 23:07
entering extended mode
 \write18 enabled.
 %&-line parsing enabled.
**dia
(./dia.tex
LaTeX2e <2021-11-15> patch level 1
L3 programming layer <2022-01-21>
(/usr/share/texlive/texmf-dist/tex/latex/base/article.cls
Document Class: article 2021/10/04 v1.4n Standard LaTeX document class
(/usr/share/texlive/texmf-dist/tex/latex/base/size10.clo
File: size10.clo 2021/10/04 v1.4n Standard LaTeX file (size option)
)
\c@part=\count185
\c@section=\count186
\c@subsection=\count187
\c@subsubsection=\count188
\c@paragraph=\count189
\c@subparagraph=\count190
\c@figure=\count191
\c@table=\count192
\abovecaptionskip=\skip47
\belowcaptionskip=\skip48
\bibindent=\dimen138
)
(/usr/share/texlive/texmf-dist/tex/latex/geometry/geometry.sty
Package: geometry 2020/01/02 v5.9 Page Geometry

(/usr/share/texlive/texmf-dist/tex/latex/graphics/keyval.sty
Package: keyval 2014/10/28 v1.15 key=value parser (DPC)
\KV@toks@=\toks16
)
(/usr/share/texlive/texmf-dist/tex/generic/iftex/ifvtex.sty
Package: ifvtex 2019/10/25 v1.7 ifvtex legacy package. Use iftex instead.

(/usr/share/texlive/texmf-dist/tex/generic/iftex/iftex.sty
Package: iftex 2020/03/06 v1.0d TeX engine tests
))
\Gm@cnth=\count193
\Gm@cntv=\count194
\c@Gm@tempcnt=\count195
\Gm@bindingoffset=\dimen139
\Gm@wd@mp=\dimen140
\Gm@odd@mp=\dimen141
\Gm@even@mp=\dimen142
\Gm@layoutwidth=\dimen143
\Gm@layoutheight=\dimen144
\Gm@layouthoffset=\dimen145
\Gm@layoutvoffset=\dimen146
\Gm@dimlist=\toks17
)
(/usr/share/texlive/texmf-dist/tex/latex/tikzsymbols/tikzsymbols.sty
(/usr/share/texlive/texmf-dist/tex/latex/l3packages/xparse/xparse.sty
(/usr/share/texlive/texmf-dist/tex/latex/l3kernel/expl3.sty
Package: expl3 2022-01-21 L3 programming layer (loader) 

(/usr/share/texlive/texmf-dist/tex/latex/l3backend/l3backend-pdftex.def
File: l3backend-pdftex.def 2022-01-12 L3 backend support: PDF output (pdfTeX)
\l__color_backend_stack_int=\count196
\l__pdf_internal_box=\box50
))
Package: xparse 2022-01-12 L3 Experimental document command parser
)
Package: tikzsymbols 2021/12/14 v4.12a Some symbols created using tikz and LaTe
X3.

(/usr/share/texlive/texmf-dist/tex/latex/pgf/frontendlayer/tikz.sty
(/usr/share/texlive/texmf-dist/tex/latex/pgf/basiclayer/pgf.sty
(/usr/share/texlive/texmf-dist/tex/latex/pgf/utilities/pgfrcs.sty
(/usr/share/texlive/texmf-dist/tex/generic/pgf/utilities/pgfutil-common.tex
\pgfutil@everybye=\toks18
\pgfutil@tempdima=\dimen147
\pgfutil@tempdimb=\dimen148

(/usr/share/texlive/texmf-dist/tex/generic/pgf/utilities/pgfutil-common-lists.t
ex)) (/usr/share/texlive/texmf-dist/tex/generic/pgf/utilities/pgfutil-latex.def
\pgfutil@abb=\box51
) (/usr/share/texlive/texmf-dist/tex/generic/pgf/utilities/pgfrcs.code.tex
(/usr/share/texlive/texmf-dist/tex/generic/pgf/pgf.revision.tex)
Package: pgfrcs 2021/05/15 v3.1.9a (3.1.9a)
))
Package: pgf 2021/05/15 v3.1.9a (3.1.9a)

(/usr/share/texlive/texmf-dist/tex/latex/pgf/basiclayer/pgfcore.sty
(/usr/share/texlive/texmf-dist/tex/latex/graphics/graphicx.sty
Package: graphicx 2021/09/16 v1.2d Enhanced LaTeX Graphics (DPC,SPQR)

(/usr/share/texlive/texmf-dist/tex/latex/graphics/graphics.sty
Package: graphics 2021/03/04 v1.4d Standard LaTeX Graphics (DPC,SPQR)

(/usr/share/texlive/texmf-dist/tex/latex/graphics/trig.sty
Package: trig 2021/08/11 v1.11 sin cos tan (DPC)
)
(/usr/share/texlive/texmf-dist/tex/latex/graphics-cfg/graphics.cfg
File: graphics.cfg 2016/06/04 v1.11 sample graphics configuration
)
Package graphics Info: Driver file: pdftex.def on input line 107.

(/usr/share/texlive/texmf-dist/tex/latex/graphics-def/pdftex.def
File: pdftex.def 2020/10/05 v1.2a Graphics/color driver for pdftex
))
\Gin@req@height=\dimen149
\Gin@req@width=\dimen150
)
(/usr/share/texlive/texmf-dist/tex/latex/pgf/systemlayer/pgfsys.sty
(/usr/share/texlive/texmf-dist/tex/generic/pgf/systemlayer/pgfsys.code.tex
Package: pgfsys 2021/05/15 v3.1.9a (3.1.9a)

(/usr/share/texlive/texmf-dist/tex/generic/pgf/utilities/pgfkeys.code.tex
\pgfkeys@pathtoks=\toks19
\pgfkeys@temptoks=\toks20

(/usr/share/texlive/texmf-dist/tex/generic/pgf/utilities/pgfkeysfiltered.code.t
ex
\pgfkeys@tmptoks=\toks21
))
\pgf@x=\dimen151
\pgf@y=\dimen152
\pgf@xa=\dimen153
\pgf@ya=\dimen154
\pgf@xb=\dimen155
\pgf@yb=\dimen156
\pgf@xc=\dimen157
\pgf@yc=\dimen158
\pgf@xd=\dimen159
\pgf@yd=\dimen160
\w@pgf@writea=\write3
\r@pgf@reada=\read2
\c@pgf@counta=\count197
\c@pgf@countb=\count198
\c@pgf@countc=\count199
\c@pgf@countd=\count266
\t@pgf@toka=\toks22
\t@pgf@tokb=\toks23
\t@pgf@tokc=\toks24
\pgf@sys@id@count=\count267
 (/usr/share/texlive/texmf-dist/tex/generic/pgf/systemlayer/pgf.cfg
File: pgf.cfg 2021/05/15 v3.1.9a (3.1.9a)
)
Driver file for pgf: pgfsys-pdftex.def

(/usr/share/texlive/texmf-dist/tex/generic/pgf/systemlayer/pgfsys-pdftex.def
File: pgfsys-pdftex.def 2021/05/15 v3.1.9a (3.1.9a)

(/usr/share/texlive/texmf-dist/tex/generic/pgf/systemlayer/pgfsys-common-pdf.de
f
File: pgfsys-common-pdf.def 2021/05/15 v3.1.9a (3.1.9a)
)))
(/usr/share/texlive/texmf-dist/tex/generic/pgf/systemlayer/pgfsyssoftpath.code.
tex
File: pgfsyssoftpath.code.tex 2021/05/15 v3.1.9a (3.1.9a)
\pgfsyssoftpath@smallbuffer@items=\count268
\pgfsyssoftpath@bigbuffer@items=\count269
)
(/usr/share/texlive/texmf-dist/tex/generic/pgf/systemlayer/pgfsysprotocol.code.
tex
File: pgfsysprotocol.code.tex 2021/05/15 v3.1.9a (3.1.9a)
)) (/usr/share/texlive/texmf-dist/tex/latex/xcolor/xcolor.sty
Package: xcolor 2021/10/31 v2.13 LaTeX color extensions (UK)

(/usr/share/texlive/texmf-dist/tex/latex/graphics-cfg/color.cfg
File: color.cfg 2016/01/02 v1.6 sample color configuration
)
Package xcolor Info: Driver file: pdftex.def on input line 227.
Package xcolor Info: Model `cmy' substituted by `cmy0' on input line 1352.
Package xcolor Info: Model `hsb' substituted by `rgb' on input line 1356.
Package xcolor Info: Model `RGB' extended on input line 1368.
Package xcolor Info: Model `HTML' substituted by `rgb' on input line 1370.
Package xcolor Info: Model `Hsb' substituted by `hsb' on input line 1371.
Package xcolor Info: Model `tHsb' substituted by `hsb' on input line 1372.
Package xcolor Info: Model `HSB' substituted by `hsb' on input line 1373.
Package xcolor Info: Model `Gray' substituted by `gray' on input line 1374.
Package xcolor Info: Model `wave' substituted by `hsb' on input line 1375.
)
(/usr/share/texlive/texmf-dist/tex/generic/pgf/basiclayer/pgfcore.code.tex
Package: pgfcore 2021/05/15 v3.1.9a (3.1.9a)

(/usr/share/texlive/texmf-dist/tex/generic/pgf/math/pgfmath.code.tex
(/usr/share/texlive/texmf-dist/tex/generic/pgf/math/pgfmathcalc.code.tex
(/usr/share/texlive/texmf-dist/tex/generic/pgf/math/pgfmathutil.code.tex)
(/usr/share/texlive/texmf-dist/tex/generic/pgf/math/pgfmathparser.code.tex
\pgfmath@dimen=\dimen161
\pgfmath@count=\count270
\pgfmath@box=\box52
\pgfmath@toks=\toks25
\pgfmath@stack@operand=\toks26
\pgfmath@stack@operation=\toks27
)
(/usr/share/texlive/texmf-dist/tex/generic/pgf/math/pgfmathfunctions.code.tex
(/usr/share/texlive/texmf-dist/tex/generic/pgf/math/pgfmathfunctions.basic.code
.tex)
(/usr/share/texlive/texmf-dist/tex/generic/pgf/math/pgfmathfunctions.trigonomet
ric.code.tex)
(/usr/share/texlive/texmf-dist/tex/generic/pgf/math/pgfmathfunctions.random.cod
e.tex)
(/usr/share/texlive/texmf-dist/tex/generic/pgf/math/pgfmathfunctions.comparison
.code.tex)
(/usr/share/texlive/texmf-dist/tex/generic/pgf/math/pgfmathfunctions.base.code.
tex)
(/usr/share/texlive/texmf-dist/tex/generic/pgf/math/pgfmathfunctions.round.code
.tex)
(/usr/share/texlive/texmf-dist/tex/generic/pgf/math/pgfmathfunctions.misc.code.
tex)
(/usr/share/texlive/texmf-dist/tex/generic/pgf/math/pgfmathfunctions.integerari
thmetics.code.tex)))
(/usr/share/texlive/texmf-dist/tex/generic/pgf/math/pgfmathfloat.code.tex
\c@pgfmathroundto@lastzeros=\count271
))
(/usr/share/texlive/texmf-dist/tex/generic/pgf/math/pgfint.code.tex)
(/usr/share/texlive/texmf-dist/tex/generic/pgf/basiclayer/pgfcorepoints.code.te
x
File: pgfcorepoints.code.tex 2021/05/15 v3.1.9a (3.1.9a)
\pgf@picminx=\dimen162
\pgf@picmaxx=\dimen163
\pgf@picminy=\dimen164
\pgf@picmaxy=\dimen165
\pgf@pathminx=\dimen166
\pgf@pathmaxx=\dimen167
\pgf@pathminy=\dimen168
\pgf@pathmaxy=\dimen169
\pgf@xx=\dimen170
\pgf@xy=\dimen171
\pgf@yx=\dimen172
\pgf@yy=\dimen173
\pgf@zx=\dimen174
\pgf@zy=\dimen175
)
(/usr/share/texlive/texmf-dist/tex/generic/pgf/basiclayer/pgfcorepathconstruct.
code.tex
File: pgfcorepathconstruct.code.tex 2021/05/15 v3.1.9a (3.1.9a)
\pgf@path@lastx=\dimen176
\pgf@path@lasty=\dimen177
)
(/usr/share/texlive/texmf-dist/tex/generic/pgf/basiclayer/pgfcorepathusage.code
.tex
File: pgfcorepathusage.code.tex 2021/05/15 v3.1.9a (3.1.9a)
\pgf@shorten@end@additional=\dimen178
\pgf@shorten@start@additional=\dimen179
)
(/usr/share/texlive/texmf-dist/tex/generic/pgf/basiclayer/pgfcorescopes.code.te
x
File: pgfcorescopes.code.tex 2021/05/15 v3.1.9a (3.1.9a)
\pgfpic=\box53
\pgf@hbox=\box54
\pgf@layerbox@main=\box55
\pgf@picture@serial@count=\count272
)
(/usr/share/texlive/texmf-dist/tex/generic/pgf/basiclayer/pgfcoregraphicstate.c
ode.tex
File: pgfcoregraphicstate.code.tex 2021/05/15 v3.1.9a (3.1.9a)
\pgflinewidth=\dimen180
)
(/usr/share/texlive/texmf-dist/tex/generic/pgf/basiclayer/pgfcoretransformation
s.code.tex
File: pgfcoretransformations.code.tex 2021/05/15 v3.1.9a (3.1.9a)
\pgf@pt@x=\dimen181
\pgf@pt@y=\dimen182
\pgf@pt@temp=\dimen183
)
(/usr/share/texlive/texmf-dist/tex/generic/pgf/basiclayer/pgfcorequick.code.tex
File: pgfcorequick.code.tex 2021/05/15 v3.1.9a (3.1.9a)
)
(/usr/share/texlive/texmf-dist/tex/generic/pgf/basiclayer/pgfcoreobjects.code.t
ex
File: pgfcoreobjects.code.tex 2021/05/15 v3.1.9a (3.1.9a)
)
(/usr/share/texlive/texmf-dist/tex/generic/pgf/basiclayer/pgfcorepathprocessing
.code.tex
File: pgfcorepathprocessing.code.tex 2021/05/15 v3.1.9a (3.1.9a)
)
(/usr/share/texlive/texmf-dist/tex/generic/pgf/basiclayer/pgfcorearrows.code.te
x
File: pgfcorearrows.code.tex 2021/05/15 v3.1.9a (3.1.9a)
\pgfarrowsep=\dimen184
)
(/usr/share/texlive/texmf-dist/tex/generic/pgf/basiclayer/pgfcoreshade.code.tex
File: pgfcoreshade.code.tex 2021/05/15 v3.1.9a (3.1.9a)
\pgf@max=\dimen185
\pgf@sys@shading@range@num=\count273
\pgf@shadingcount=\count274
)
(/usr/share/texlive/texmf-dist/tex/generic/pgf/basiclayer/pgfcoreimage.code.tex
File: pgfcoreimage.code.tex 2021/05/15 v3.1.9a (3.1.9a)

(/usr/share/texlive/texmf-dist/tex/generic/pgf/basiclayer/pgfcoreexternal.code.
tex
File: pgfcoreexternal.code.tex 2021/05/15 v3.1.9a (3.1.9a)
\pgfexternal@startupbox=\box56
))
(/usr/share/texlive/texmf-dist/tex/generic/pgf/basiclayer/pgfcorelayers.code.te
x
File: pgfcorelayers.code.tex 2021/05/15 v3.1.9a (3.1.9a)
)
(/usr/share/texlive/texmf-dist/tex/generic/pgf/basiclayer/pgfcoretransparency.c
ode.tex
File: pgfcoretransparency.code.tex 2021/05/15 v3.1.9a (3.1.9a)
)
(/usr/share/texlive/texmf-dist/tex/generic/pgf/basiclayer/pgfcorepatterns.code.
tex
File: pgfcorepatterns.code.tex 2021/05/15 v3.1.9a (3.1.9a)
)
(/usr/share/texlive/texmf-dist/tex/generic/pgf/basiclayer/pgfcorerdf.code.tex
File: pgfcorerdf.code.tex 2021/05/15 v3.1.9a (3.1.9a)
)))
(/usr/share/texlive/texmf-dist/tex/generic/pgf/modules/pgfmoduleshapes.code.tex
File: pgfmoduleshapes.code.tex 2021/05/15 v3.1.9a (3.1.9a)
\pgfnodeparttextbox=\box57
) (/usr/share/texlive/texmf-dist/tex/generic/pgf/modules/pgfmoduleplot.code.tex
File: pgfmoduleplot.code.tex 2021/05/15 v3.1.9a (3.1.9a)
)
(/usr/share/texlive/texmf-dist/tex/latex/pgf/compatibility/pgfcomp-version-0-65
.sty
Package: pgfcomp-version-0-65 2021/05/15 v3.1.9a (3.1.9a)
\pgf@nodesepstart=\dimen186
\pgf@nodesepend=\dimen187
)
(/usr/share/texlive/texmf-dist/tex/latex/pgf/compatibility/pgfcomp-version-1-18
.sty
Package: pgfcomp-version-1-18 2021/05/15 v3.1.9a (3.1.9a)
)) (/usr/share/texlive/texmf-dist/tex/latex/pgf/utilities/pgffor.sty
(/usr/share/texlive/texmf-dist/tex/latex/pgf/utilities/pgfkeys.sty
(/usr/share/texlive/texmf-dist/tex/generic/pgf/utilities/pgfkeys.code.tex))
(/usr/share/texlive/texmf-dist/tex/latex/pgf/math/pgfmath.sty
(/usr/share/texlive/texmf-dist/tex/generic/pgf/math/pgfmath.code.tex))
(/usr/share/texlive/texmf-dist/tex/generic/pgf/utilities/pgffor.code.tex
Package: pgffor 2021/05/15 v3.1.9a (3.1.9a)

(/usr/share/texlive/texmf-dist/tex/generic/pgf/math/pgfmath.code.tex)
\pgffor@iter=\dimen188
\pgffor@skip=\dimen189
\pgffor@stack=\toks28
\pgffor@toks=\toks29
))
(/usr/share/texlive/texmf-dist/tex/generic/pgf/frontendlayer/tikz/tikz.code.tex
Package: tikz 2021/05/15 v3.1.9a (3.1.9a)

(/usr/share/texlive/texmf-dist/tex/generic/pgf/libraries/pgflibraryplothandlers
.code.tex
File: pgflibraryplothandlers.code.tex 2021/05/15 v3.1.9a (3.1.9a)
\pgf@plot@mark@count=\count275
\pgfplotmarksize=\dimen190
)
\tikz@lastx=\dimen191
\tikz@lasty=\dimen192
\tikz@lastxsaved=\dimen193
\tikz@lastysaved=\dimen194
\tikz@lastmovetox=\dimen195
\tikz@lastmovetoy=\dimen196
\tikzleveldistance=\dimen197
\tikzsiblingdistance=\dimen198
\tikz@figbox=\box58
\tikz@figbox@bg=\box59
\tikz@tempbox=\box60
\tikz@tempbox@bg=\box61
\tikztreelevel=\count276
\tikznumberofchildren=\count277
\tikznumberofcurrentchild=\count278
\tikz@fig@count=\count279

(/usr/share/texlive/texmf-dist/tex/generic/pgf/modules/pgfmodulematrix.code.tex
File: pgfmodulematrix.code.tex 2021/05/15 v3.1.9a (3.1.9a)
\pgfmatrixcurrentrow=\count280
\pgfmatrixcurrentcolumn=\count281
\pgf@matrix@numberofcolumns=\count282
)
\tikz@expandcount=\count283

(/usr/share/texlive/texmf-dist/tex/generic/pgf/frontendlayer/tikz/libraries/tik
zlibrarytopaths.code.tex
File: tikzlibrarytopaths.code.tex 2021/05/15 v3.1.9a (3.1.9a)
)))
(/usr/share/texlive/texmf-dist/tex/latex/tools/xspace.sty
Package: xspace 2014/10/28 v1.13 Space after command names (DPC,MH)
)
(/usr/share/texlive/texmf-dist/tex/latex/l3packages/l3keys2e/l3keys2e.sty
Package: l3keys2e 2022-01-12 LaTeX2e option processing using LaTeX3 keys
)
(/usr/share/texlive/texmf-dist/tex/generic/pgf/frontendlayer/tikz/libraries/tik
zlibraryarrows.code.tex
File: tikzlibraryarrows.code.tex 2021/05/15 v3.1.9a (3.1.9a)

(/usr/share/texlive/texmf-dist/tex/generic/pgf/libraries/pgflibraryarrows.code.
tex
File: pgflibraryarrows.code.tex 2021/05/15 v3.1.9a (3.1.9a)
\arrowsize=\dimen199
))
(/usr/share/texlive/texmf-dist/tex/generic/pgf/frontendlayer/tikz/libraries/tik
zlibrarydecorations.pathmorphing.code.tex
(/usr/share/texlive/texmf-dist/tex/generic/pgf/frontendlayer/tikz/libraries/tik
zlibrarydecorations.code.tex
(/usr/share/texlive/texmf-dist/tex/generic/pgf/modules/pgfmoduledecorations.cod
e.tex
\pgfdecoratedcompleteddistance=\dimen256
\pgfdecoratedremainingdistance=\dimen257
\pgfdecoratedinputsegmentcompleteddistance=\dimen258
\pgfdecoratedinputsegmentremainingdistance=\dimen259
\pgf@decorate@distancetomove=\dimen260
\pgf@decorate@repeatstate=\count284
\pgfdecorationsegmentamplitude=\dimen261
\pgfdecorationsegmentlength=\dimen262
)
\tikz@lib@dec@box=\box62
)
(/usr/share/texlive/texmf-dist/tex/generic/pgf/libraries/decorations/pgflibrary
decorations.pathmorphing.code.tex))
(/usr/share/texlive/texmf-dist/tex/generic/pgf/frontendlayer/tikz/libraries/tik
zlibrarytrees.code.tex
File: tikzlibrarytrees.code.tex 2021/05/15 v3.1.9a (3.1.9a)
)
\l__tikzsymbols_Moai_thickness_dim=\dimen263
\l__tikzsymbols_Kochtopf_nr_arguments_int=\count285
\l__tikzsymbols_Bratpfanne_nr_arguments_int=\count286
\l__tikzsymbols_Schneebesen_nr_arguments_int=\count287
\l__tikzsymbols_Sieb_nr_arguments_int=\count288
\l__tikzsymbols_Purierstab_nr_arguments_int=\count289
\l__tikzsymbols_Dreizack_nr_arguments_int=\count290
\l__tikzsymbols_Backblech_nr_arguments_int=\count291
\l__tikzsymbols_Ofen_nr_arguments_int=\count292
\l__tikzsymbols_Pfanne_nr_arguments_int=\count293
\l__tikzsymbols_Herd_nr_arguments_int=\count294
\l__tikzsymbols_Saftpresse_nr_arguments_int=\count295
\l__tikzsymbols_Schussel_nr_arguments_int=\count296
\l__tikzsymbols_Schaler_nr_arguments_int=\count297
\l__tikzsymbols_Reibe_nr_arguments_int=\count298
\l__tikzsymbols_Flasche_nr_arguments_int=\count299
\l__tikzsymbols_Nudelholz_nr_arguments_int=\count300
\l__tikzsymbols_Knoblauchpresse_nr_arguments_int=\count301
\l__tikzsymbols_Sadey_nr_arguments_int=\count302
\l__tikzsymbols_dSadey_nr_arguments_int=\count303
\l__tikzsymbols_Changey_nr_arguments_int=\count304
\l__tikzsymbols_dChangey_nr_arguments_int=\count305
\l__tikzsymbols_cChangey_nr_arguments_int=\count306
\l__tikzsymbols_dcChangey_nr_arguments_int=\count307
\l__tikzsymbols_Annoey_nr_arguments_int=\count308
\l__tikzsymbols_dAnnoey_nr_arguments_int=\count309
\l__tikzsymbols_Smiley_nr_arguments_int=\count310
\l__tikzsymbols_dSmiley_nr_arguments_int=\count311
\l__tikzsymbols_Laughey_nr_arguments_int=\count312
\l__tikzsymbols_dLaughey_nr_arguments_int=\count313
\l__tikzsymbols_Neutrey_nr_arguments_int=\count314
\l__tikzsymbols_dNeutrey_nr_arguments_int=\count315
\l__tikzsymbols_Winkey_nr_arguments_int=\count316
\l__tikzsymbols_oldWinkey_nr_arguments_int=\count317
\l__tikzsymbols_dWinkey_nr_arguments_int=\count318
\l__tikzsymbols_olddWinkey_nr_arguments_int=\count319
\l__tikzsymbols_Sey_nr_arguments_int=\count320
\l__tikzsymbols_dSey_nr_arguments_int=\count321
\l__tikzsymbols_Xey_nr_arguments_int=\count322
\l__tikzsymbols_dXey_nr_arguments_int=\count323
\l__tikzsymbols_Innocey_nr_arguments_int=\count324
\l__tikzsymbols_wInnocey_nr_arguments_int=\count325
\l__tikzsymbols_dInnocey_nr_arguments_int=\count326
\l__tikzsymbols_Cooley_nr_arguments_int=\count327
\l__tikzsymbols_dCooley_nr_arguments_int=\count328
\l__tikzsymbols_Tongey_nr_arguments_int=\count329
\l__tikzsymbols_dTongey_nr_arguments_int=\count330
\l__tikzsymbols_Nursey_nr_arguments_int=\count331
\l__tikzsymbols_dNursey_nr_arguments_int=\count332
\l__tikzsymbols_Vomey_nr_arguments_int=\count333
\l__tikzsymbols_dVomey_nr_arguments_int=\count334
\l__tikzsymbols_Walley_nr_arguments_int=\count335
\l__tikzsymbols_rWalley_nr_arguments_int=\count336
\l__tikzsymbols_dWalley_nr_arguments_int=\count337
\l__tikzsymbols_drWalley_nr_arguments_int=\count338
\l__tikzsymbols_Cat_nr_arguments_int=\count339
\l__tikzsymbols_SchrodingersCat_nr_arguments_int=\count340
\l__tikzsymbols_Ninja_nr_arguments_int=\count341
\l__tikzsymbols_dNinja_nr_arguments_int=\count342
\l__tikzsymbols_Sleepey_nr_arguments_int=\count343
\l__tikzsymbols_dSleepey_nr_arguments_int=\count344
\l__tikzsymbols_Maskey_nr_arguments_int=\count345
\l__tikzsymbols_NiceReapey_nr_arguments_int=\count346
\l__tikzsymbols_Strichmaxerl_nr_arguments_int=\count347
\l__tikzsymbols_Person_nr_arguments_int=\count348
\l__tikzsymbols_Heart_nr_arguments_int=\count349
\l__tikzsymbols_dHeart_nr_arguments_int=\count350
\l__tikzsymbols_HeartBroken_nr_arguments_int=\count351
\l__tikzsymbols_Candle_nr_arguments_int=\count352
\l__tikzsymbols_Fire_nr_arguments_int=\count353
\l__tikzsymbols_Coffeecup_nr_arguments_int=\count354
\l__tikzsymbols_Chair_nr_arguments_int=\count355
\l__tikzsymbols_Bed_nr_arguments_int=\count356
\l__tikzsymbols_Tribar_nr_arguments_int=\count357
\l__tikzsymbols_Moai_nr_arguments_int=\count358
\l__tikzsymbols_Snowman_nr_arguments_int=\count359
\l__tikzsymbols_BasicTree_nr_arguments_int=\count360
\l__tikzsymbols_WorstTree_nr_arguments_int=\count361
\l__tikzsymbols_Springtree_nr_arguments_int=\count362
\l__tikzsymbols_Summertree_nr_arguments_int=\count363
\l__tikzsymbols_Autumntree_nr_arguments_int=\count364
\l__tikzsymbols_Wintertree_nr_arguments_int=\count365
)
(/usr/share/texlive/texmf-dist/tex/latex/enumitem/enumitem.sty
Package: enumitem 2019/06/20 v3.9 Customized lists
\labelindent=\skip49
\enit@outerparindent=\dimen264
\enit@toks=\toks30
\enit@inbox=\box63
\enit@count@id=\count366
\enitdp@description=\count367
)
(/usr/share/texlive/texmf-dist/tex/latex/wasysym/wasysym.sty
Package: wasysym 2020/01/19 v2.4 Wasy-2 symbol support package
\symwasy=\mathgroup4
LaTeX Font Info:    Overwriting symbol font `wasy' in version `bold'
(Font)                  U/wasy/m/n --> U/wasy/b/n on input line 93.
)
(/usr/share/texlive/texmf-dist/tex/latex/koma-script/scrextend.sty
Package: scrextend 2021/11/13 v3.35 KOMA-Script package (extend other classes w
ith features of KOMA-Script classes)

(/usr/share/texlive/texmf-dist/tex/latex/koma-script/scrkbase.sty
Package: scrkbase 2021/11/13 v3.35 KOMA-Script package (KOMA-Script-dependent b
asics and keyval usage)

(/usr/share/texlive/texmf-dist/tex/latex/koma-script/scrbase.sty
Package: scrbase 2021/11/13 v3.35 KOMA-Script package (KOMA-Script-independent 
basics and keyval usage)

(/usr/share/texlive/texmf-dist/tex/latex/koma-script/scrlfile.sty
Package: scrlfile 2021/11/13 v3.35 KOMA-Script package (file load hooks)

(/usr/share/texlive/texmf-dist/tex/latex/koma-script/scrlfile-hook.sty
Package: scrlfile-hook 2021/11/13 v3.35 KOMA-Script package (using LaTeX hooks)


(/usr/share/texlive/texmf-dist/tex/latex/koma-script/scrlogo.sty
Package: scrlogo 2021/11/13 v3.35 KOMA-Script package (logo)
)))
Applying: [2021/05/01] Usage of raw or classic option list on input line 252.
Already applied: [0000/00/00] Usage of raw or classic option list on input line
 368.
)))
(/usr/share/texlive/texmf-dist/tex/latex/mdframed/mdframed.sty
Package: mdframed 2013/07/01 1.9b: mdframed

(/usr/share/texlive/texmf-dist/tex/latex/kvoptions/kvoptions.sty
Package: kvoptions 2020-10-07 v3.14 Key value format for package options (HO)

(/usr/share/texlive/texmf-dist/tex/generic/ltxcmds/ltxcmds.sty
Package: ltxcmds 2020-05-10 v1.25 LaTeX kernel commands for general use (HO)
)
(/usr/share/texlive/texmf-dist/tex/generic/kvsetkeys/kvsetkeys.sty
Package: kvsetkeys 2019/12/15 v1.18 Key value parser (HO)
))
(/usr/share/texlive/texmf-dist/tex/latex/etoolbox/etoolbox.sty
Package: etoolbox 2020/10/05 v2.5k e-TeX tools for LaTeX (JAW)
\etb@tempcnta=\count368
)
(/usr/share/texlive/texmf-dist/tex/latex/zref/zref-abspage.sty
Package: zref-abspage 2020-07-03 v2.32 Module abspage for zref (HO)

(/usr/share/texlive/texmf-dist/tex/latex/zref/zref-base.sty
Package: zref-base 2020-07-03 v2.32 Module base for zref (HO)

(/usr/share/texlive/texmf-dist/tex/generic/infwarerr/infwarerr.sty
Package: infwarerr 2019/12/03 v1.5 Providing info/warning/error messages (HO)
)
(/usr/share/texlive/texmf-dist/tex/generic/kvdefinekeys/kvdefinekeys.sty
Package: kvdefinekeys 2019-12-19 v1.6 Define keys (HO)
)
(/usr/share/texlive/texmf-dist/tex/generic/pdftexcmds/pdftexcmds.sty
Package: pdftexcmds 2020-06-27 v0.33 Utility functions of pdfTeX for LuaTeX (HO
)
Package pdftexcmds Info: \pdf@primitive is available.
Package pdftexcmds Info: \pdf@ifprimitive is available.
Package pdftexcmds Info: \pdfdraftmode found.
)
(/usr/share/texlive/texmf-dist/tex/generic/etexcmds/etexcmds.sty
Package: etexcmds 2019/12/15 v1.7 Avoid name clashes with e-TeX commands (HO)
)
(/usr/share/texlive/texmf-dist/tex/latex/auxhook/auxhook.sty
Package: auxhook 2019-12-17 v1.6 Hooks for auxiliary files (HO)
)
Package zref Info: New property list: main on input line 764.
Package zref Info: New property: default on input line 765.
Package zref Info: New property: page on input line 766.
)
(/usr/share/texlive/texmf-dist/tex/latex/base/atbegshi-ltx.sty
Package: atbegshi-ltx 2021/01/10 v1.0c Emulation of the original atbegshi
package with kernel methods
)
\c@abspage=\count369
Package zref Info: New property: abspage on input line 66.
)
(/usr/share/texlive/texmf-dist/tex/latex/needspace/needspace.sty
Package: needspace 2010/09/12 v1.3d reserve vertical space
)
\mdf@templength=\skip50
\c@mdf@globalstyle@cnt=\count370
\mdf@skipabove@length=\skip51
\mdf@skipbelow@length=\skip52
\mdf@leftmargin@length=\skip53
\mdf@rightmargin@length=\skip54
\mdf@innerleftmargin@length=\skip55
\mdf@innerrightmargin@length=\skip56
\mdf@innertopmargin@length=\skip57
\mdf@innerbottommargin@length=\skip58
\mdf@splittopskip@length=\skip59
\mdf@splitbottomskip@length=\skip60
\mdf@outermargin@length=\skip61
\mdf@innermargin@length=\skip62
\mdf@linewidth@length=\skip63
\mdf@innerlinewidth@length=\skip64
\mdf@middlelinewidth@length=\skip65
\mdf@outerlinewidth@length=\skip66
\mdf@roundcorner@length=\skip67
\mdf@footenotedistance@length=\skip68
\mdf@userdefinedwidth@length=\skip69
\mdf@needspace@length=\skip70
\mdf@frametitleaboveskip@length=\skip71
\mdf@frametitlebelowskip@length=\skip72
\mdf@frametitlerulewidth@length=\skip73
\mdf@frametitleleftmargin@length=\skip74
\mdf@frametitlerightmargin@length=\skip75
\mdf@shadowsize@length=\skip76
\mdf@extratopheight@length=\skip77
\mdf@subtitleabovelinewidth@length=\skip78
\mdf@subtitlebelowlinewidth@length=\skip79
\mdf@subtitleaboveskip@length=\skip80
\mdf@subtitlebelowskip@length=\skip81
\mdf@subtitleinneraboveskip@length=\skip82
\mdf@subtitleinnerbelowskip@length=\skip83
\mdf@subsubtitleabovelinewidth@length=\skip84
\mdf@subsubtitlebelowlinewidth@length=\skip85
\mdf@subsubtitleaboveskip@length=\skip86
\mdf@subsubtitlebelowskip@length=\skip87
\mdf@subsubtitleinneraboveskip@length=\skip88
\mdf@subsubtitleinnerbelowskip@length=\skip89

(/usr/share/texlive/texmf-dist/tex/latex/mdframed/md-frame-0.mdf
File: md-frame-0.mdf 2013/07/01\ 1.9b: md-frame-0
)
\mdf@frametitlebox=\box64
\mdf@footnotebox=\box65
\mdf@splitbox@one=\box66
\mdf@splitbox@two=\box67
\mdf@splitbox@save=\box68
\mdfsplitboxwidth=\skip90
\mdfsplitboxtotalwidth=\skip91
\mdfsplitboxheight=\skip92
\mdfsplitboxdepth=\skip93
\mdfsplitboxtotalheight=\skip94
\mdfframetitleboxwidth=\skip95
\mdfframetitleboxtotalwidth=\skip96
\mdfframetitleboxheight=\skip97
\mdfframetitleboxdepth=\skip98
\mdfframetitleboxtotalheight=\skip99
\mdffootnoteboxwidth=\skip100
\mdffootnoteboxtotalwidth=\skip101
\mdffootnoteboxheight=\skip102
\mdffootnoteboxdepth=\skip103
\mdffootnoteboxtotalheight=\skip104
\mdftotallinewidth=\skip105
\mdfboundingboxwidth=\skip106
\mdfboundingboxtotalwidth=\skip107
\mdfboundingboxheight=\skip108
\mdfboundingboxdepth=\skip109
\mdfboundingboxtotalheight=\skip110
\mdf@freevspace@length=\skip111
\mdf@horizontalwidthofbox@length=\skip112
\mdf@verticalmarginwhole@length=\skip113
\mdf@horizontalspaceofbox=\skip114
\mdfsubtitleheight=\skip115
\mdfsubsubtitleheight=\skip116
\c@mdfcountframes=\count371

****** mdframed patching \endmdf@trivlist

****** -- success******

\mdf@envdepth=\count372
\c@mdf@env@i=\count373
\c@mdf@env@ii=\count374
\c@mdf@zref@counter=\count375
Package zref Info: New property: mdf@pagevalue on input line 895.
)
(/usr/share/texlive/texmf-dist/tex/latex/anyfontsize/anyfontsize.sty
Package: anyfontsize 2007/11/22 anyfontsize.sty by pts
)
(/usr/share/texlive/texmf-dist/tex/latex/stix/stix.sty
Package: stix 2018/04/17 v1.1.3-latex STIX fonts support package

(/usr/share/texlive/texmf-dist/tex/latex/base/textcomp.sty
Package: textcomp 2020/02/02 v2.0n Standard LaTeX package
LaTeX Font Info:    Changing ? sub-encoding to TS1/0 on input line 78.
)
Now handling font encoding LS1 ...
... no UTF-8 mapping file for font encoding LS1
Now handling font encoding LS2 ...
... no UTF-8 mapping file for font encoding LS2
LaTeX Font Info:    Redeclaring symbol font `letters' on input line 76.
LaTeX Font Info:    Encoding `OML' has changed to `LS1' for symbol font
(Font)              `letters' in the math version `normal' on input line 76.
LaTeX Font Info:    Overwriting symbol font `letters' in version `normal'
(Font)                  OML/cmm/m/it --> LS1/stix/m/it on input line 76.
LaTeX Font Info:    Encoding `OML' has changed to `LS1' for symbol font
(Font)              `letters' in the math version `bold' on input line 76.
LaTeX Font Info:    Overwriting symbol font `letters' in version `bold'
(Font)                  OML/cmm/b/it --> LS1/stix/m/it on input line 76.
LaTeX Font Info:    Redeclaring symbol font `operators' on input line 77.
LaTeX Font Info:    Encoding `OT1' has changed to `LS1' for symbol font
(Font)              `operators' in the math version `normal' on input line 77.
LaTeX Font Info:    Overwriting symbol font `operators' in version `normal'
(Font)                  OT1/cmr/m/n --> LS1/stix/m/n on input line 77.
LaTeX Font Info:    Encoding `OT1' has changed to `LS1' for symbol font
(Font)              `operators' in the math version `bold' on input line 77.
LaTeX Font Info:    Overwriting symbol font `operators' in version `bold'
(Font)                  OT1/cmr/bx/n --> LS1/stix/m/n on input line 77.
\symbold-operators=\mathgroup5
LaTeX Font Info:    Redeclaring symbol font `symbols' on input line 79.
LaTeX Font Info:    Encoding `OMS' has changed to `LS1' for symbol font
(Font)              `symbols' in the math version `normal' on input line 79.
LaTeX Font Info:    Overwriting symbol font `symbols' in version `normal'
(Font)                  OMS/cmsy/m/n --> LS1/stixscr/m/n on input line 79.
LaTeX Font Info:    Encoding `OMS' has changed to `LS1' for symbol font
(Font)              `symbols' in the math version `bold' on input line 79.
LaTeX Font Info:    Overwriting symbol font `symbols' in version `bold'
(Font)                  OMS/cmsy/b/n --> LS1/stixscr/m/n on input line 79.
\symsymbols2=\mathgroup6
\symsymbols3=\mathgroup7
\symsymbols4=\mathgroup8
\symintegrals=\mathgroup9
LaTeX Font Info:    Redeclaring symbol font `largesymbols' on input line 84.
LaTeX Font Info:    Encoding `OMX' has changed to `LS2' for symbol font
(Font)              `largesymbols' in the math version `normal' on input line 8
4.
LaTeX Font Info:    Overwriting symbol font `largesymbols' in version `normal'
(Font)                  OMX/cmex/m/n --> LS2/stixex/m/n on input line 84.
LaTeX Font Info:    Encoding `OMX' has changed to `LS2' for symbol font
(Font)              `largesymbols' in the math version `bold' on input line 84.

LaTeX Font Info:    Overwriting symbol font `largesymbols' in version `bold'
(Font)                  OMX/cmex/m/n --> LS2/stixex/m/n on input line 84.
\symarrows1=\mathgroup10
\symarrows2=\mathgroup11
\symarrows3=\mathgroup12
LaTeX Font Info:    Overwriting symbol font `letters' in version `bold'
(Font)                  LS1/stix/m/it --> LS1/stix/b/it on input line 88.
LaTeX Font Info:    Overwriting symbol font `operators' in version `bold'
(Font)                  LS1/stix/m/n --> LS1/stix/b/n on input line 89.
LaTeX Font Info:    Overwriting symbol font `symbols' in version `bold'
(Font)                  LS1/stixscr/m/n --> LS1/stixscr/b/n on input line 90.
LaTeX Font Info:    Overwriting symbol font `symbols2' in version `bold'
(Font)                  LS1/stixfrak/m/n --> LS1/stixfrak/b/n on input line 91.

LaTeX Font Info:    Overwriting symbol font `symbols3' in version `bold'
(Font)                  LS1/stixbb/m/n --> LS1/stixbb/b/n on input line 92.
LaTeX Font Info:    Overwriting symbol font `symbols4' in version `bold'
(Font)                  LS1/stixbb/m/it --> LS1/stixbb/b/it on input line 93.
LaTeX Font Info:    Overwriting symbol font `integrals' in version `bold'
(Font)                  LS2/stixcal/m/n --> LS2/stixcal/b/n on input line 94.
LaTeX Font Info:    Overwriting symbol font `largesymbols' in version `bold'
(Font)                  LS2/stixex/m/n --> LS2/stixex/b/n on input line 95.
LaTeX Font Info:    Overwriting symbol font `arrows1' in version `bold'
(Font)                  LS1/stixsf/m/n --> LS1/stixsf/b/n on input line 96.
LaTeX Font Info:    Overwriting symbol font `arrows2' in version `bold'
(Font)                  LS1/stixsf/m/it --> LS1/stixsf/b/it on input line 97.
LaTeX Font Info:    Overwriting symbol font `arrows3' in version `bold'
(Font)                  LS2/stixtt/m/n --> LS2/stixtt/b/n on input line 98.
LaTeX Font Info:    Redeclaring math alphabet \mathit on input line 99.
LaTeX Font Info:    Redeclaring math alphabet \mathsf on input line 106.
LaTeX Font Info:    Redeclaring math alphabet \mathtt on input line 108.
LaTeX Font Info:    Redeclaring math alphabet \mathbf on input line 109.
LaTeX Font Info:    Redeclaring math symbol \hbar on input line 227.
LaTeX Font Info:    Redeclaring math accent \grave on input line 698.
LaTeX Font Info:    Redeclaring math accent \acute on input line 699.
LaTeX Font Info:    Redeclaring math accent \hat on input line 700.
LaTeX Font Info:    Redeclaring math accent \tilde on input line 701.
LaTeX Font Info:    Redeclaring math accent \bar on input line 702.
LaTeX Font Info:    Redeclaring math accent \breve on input line 703.
LaTeX Font Info:    Redeclaring math accent \dot on input line 704.
LaTeX Font Info:    Redeclaring math accent \ddot on input line 705.
LaTeX Font Info:    Redeclaring math accent \mathring on input line 707.
LaTeX Font Info:    Redeclaring math accent \check on input line 708.
LaTeX Font Info:    Redeclaring math accent \vec on input line 716.
LaTeX Font Info:    Redeclaring math accent \widehat on input line 728.
LaTeX Font Info:    Redeclaring math accent \widetilde on input line 729.
LaTeX Info: Redefining \vdots on input line 1518.
LaTeX Info: Redefining \cdots on input line 1522.
LaTeX Font Info:    Redeclaring math symbol \mathsterling on input line 1978.
LaTeX Info: Redefining \not on input line 2144.
)
(/usr/share/texlive/texmf-dist/tex/generic/babel/babel.sty
Package: babel 2022/01/26 3.70 The Babel package
\babel@savecnt=\count376
\U@D=\dimen265
\l@unhyphenated=\language87

(/usr/share/texlive/texmf-dist/tex/generic/babel/txtbabel.def)
\bbl@readstream=\read3
\bbl@dirlevel=\count377

(/usr/share/texlive/texmf-dist/tex/generic/babel-german/ngerman.ldf
Language: ngerman 2021/02/27 v2.13 German support for babel (post-1996 orthogra
phy)

(/usr/share/texlive/texmf-dist/tex/generic/babel-german/ngermanb.ldf
Language: ngermanb 2021/02/27 v2.13 German support for babel (post-1996 orthogr
aphy)
Package babel Info: Making " an active character on input line 122.
)))
(/usr/share/texlive/texmf-dist/tex/latex/etoc/etoc.sty
Package: etoc 2021/09/23 v1.09e Completely customisable TOCs (JFB)

(/usr/share/texlive/texmf-dist/tex/latex/tools/multicol.sty
Package: multicol 2021/10/28 v1.9b multicolumn formatting (FMi)
\c@tracingmulticols=\count378
\mult@box=\box69
\multicol@leftmargin=\dimen266
\c@unbalance=\count379
\c@collectmore=\count380
\doublecol@number=\count381
\multicoltolerance=\count382
\multicolpretolerance=\count383
\full@width=\dimen267
\page@free=\dimen268
\premulticols=\dimen269
\postmulticols=\dimen270
\multicolsep=\skip117
\multicolbaselineskip=\skip118
\partial@page=\box70
\last@line=\box71
\maxbalancingoverflow=\dimen271
\mult@rightbox=\box72
\mult@grightbox=\box73
\mult@firstbox=\box74
\mult@gfirstbox=\box75
\@tempa=\box76
\@tempa=\box77
\@tempa=\box78
\@tempa=\box79
\@tempa=\box80
\@tempa=\box81
\@tempa=\box82
\@tempa=\box83
\@tempa=\box84
\@tempa=\box85
\@tempa=\box86
\@tempa=\box87
\@tempa=\box88
\@tempa=\box89
\@tempa=\box90
\@tempa=\box91
\@tempa=\box92
\@tempa=\box93
\@tempa=\box94
\@tempa=\box95
\@tempa=\box96
\@tempa=\box97
\@tempa=\box98
\@tempa=\box99
\@tempa=\box100
\@tempa=\box101
\@tempa=\box102
\@tempa=\box103
\@tempa=\box104
\@tempa=\box105
\@tempa=\box106
\@tempa=\box107
\@tempa=\box108
\@tempa=\box109
\@tempa=\box110
\@tempa=\box111
\c@minrows=\count384
\c@columnbadness=\count385
\c@finalcolumnbadness=\count386
\last@try=\dimen272
\multicolovershoot=\dimen273
\multicolundershoot=\dimen274
\mult@nat@firstbox=\box112
\colbreak@box=\box113
\mc@col@check@num=\count387
)
\Etoc@toctoks=\toks31
\c@etoc@tocid=\count388
\c@etoc@tocdepth=\count389
\etoc@framed@titlebox=\box114
\etoc@framed@contentsbox=\box115
)
(/usr/share/texlive/texmf-dist/tex/latex/pdfpages/pdfpages.sty
Package: pdfpages 2022/01/29 v0.5u Insert pages of external PDF documents (AM)

(/usr/share/texlive/texmf-dist/tex/latex/base/ifthen.sty
Package: ifthen 2020/11/24 v1.1c Standard LaTeX ifthen package (DPC)
)
(/usr/share/texlive/texmf-dist/tex/latex/tools/calc.sty
Package: calc 2017/05/25 v4.3 Infix arithmetic (KKT,FJ)
\calc@Acount=\count390
\calc@Bcount=\count391
\calc@Adimen=\dimen275
\calc@Bdimen=\dimen276
\calc@Askip=\skip119
\calc@Bskip=\skip120
LaTeX Info: Redefining \setlength on input line 80.
LaTeX Info: Redefining \addtolength on input line 81.
\calc@Ccount=\count392
\calc@Cskip=\skip121
)
(/usr/share/texlive/texmf-dist/tex/latex/eso-pic/eso-pic.sty
Package: eso-pic 2020/10/14 v3.0a eso-pic (RN)
\ESO@tempdima=\dimen277
\ESO@tempdimb=\dimen278
)
\AM@pagewidth=\dimen279
\AM@pageheight=\dimen280
\AM@fboxrule=\dimen281

(/usr/share/texlive/texmf-dist/tex/latex/pdfpages/pppdftex.def
File: pppdftex.def 2022/01/29 v0.5u Pdfpages driver for pdfTeX (AM)
)
\pdfpages@includegraphics@status=\count393
\AM@pagebox=\box116
\AM@global@opts=\toks32
\AM@pagecnt=\count394
\AM@toc@title=\toks33
\c@AM@survey=\count395
\AM@templatesizebox=\box117
)
(/usr/share/texlive/texmf-dist/tex/latex/colortbl/colortbl.sty
Package: colortbl 2020/01/04 v1.0e Color table columns (DPC)

(/usr/share/texlive/texmf-dist/tex/latex/tools/array.sty
Package: array 2021/10/04 v2.5f Tabular extension package (FMi)
\col@sep=\dimen282
\ar@mcellbox=\box118
\extrarowheight=\dimen283
\NC@list=\toks34
\extratabsurround=\skip122
\backup@length=\skip123
\ar@cellbox=\box119
)
\everycr=\toks35
\minrowclearance=\skip124
)
(/usr/share/texlive/texmf-dist/tex/latex/tcolorbox/tcolorbox.sty
Package: tcolorbox 2022/01/07 version 5.0.2 text color boxes

(/usr/share/texlive/texmf-dist/tex/latex/tools/verbatim.sty
Package: verbatim 2020-07-07 v1.5u LaTeX2e package for verbatim enhancements
\every@verbatim=\toks36
\verbatim@line=\toks37
\verbatim@in@stream=\read4
)
(/usr/share/texlive/texmf-dist/tex/latex/environ/environ.sty
Package: environ 2014/05/04 v0.3 A new way to define environments

(/usr/share/texlive/texmf-dist/tex/latex/trimspaces/trimspaces.sty
Package: trimspaces 2009/09/17 v1.1 Trim spaces around a token list
)
\@envbody=\toks38
)
\tcb@titlebox=\box120
\tcb@upperbox=\box121
\tcb@lowerbox=\box122
\tcb@phantombox=\box123
\c@tcbbreakpart=\count396
\c@tcblayer=\count397
\c@tcolorbox@number=\count398
\tcb@temp=\box124
\tcb@temp=\box125
\tcb@temp=\box126
\tcb@temp=\box127
)
(/usr/share/texlive/texmf-dist/tex/latex/tcolorbox/tcbfitting.code.tex
Library (tcolorbox): 'tcbfitting.code.tex' version '5.0.2'
\tcbfitdim=\dimen284
\tcb@lowerfitdim=\dimen285
\tcb@upperfitdim=\dimen286
\tcb@cur@hbadness=\count399
) (/usr/share/texlive/texmf-dist/tex/latex/tcolorbox/tcbskins.code.tex
Library (tcolorbox): 'tcbskins.code.tex' version '5.0.2'
\tcb@waterbox=\box128
(/usr/share/texlive/texmf-dist/tex/latex/tcolorbox/tcbskinsjigsaw.code.tex
Library (tcolorbox): 'tcbskinsjigsaw.code.tex' version '5.0.2'
)) (/usr/share/texlive/texmf-dist/tex/latex/listings/listings.sty
\lst@mode=\count400
\lst@gtempboxa=\box129
\lst@token=\toks39
\lst@length=\count401
\lst@currlwidth=\dimen287
\lst@column=\count402
\lst@pos=\count403
\lst@lostspace=\dimen288
\lst@width=\dimen289
\lst@newlines=\count404
\lst@lineno=\count405
\lst@maxwidth=\dimen290

(/usr/share/texlive/texmf-dist/tex/latex/listings/lstmisc.sty
File: lstmisc.sty 2020/03/24 1.8d (Carsten Heinz)
\c@lstnumber=\count406
\lst@skipnumbers=\count407
\lst@framebox=\box130
)
(/usr/share/texlive/texmf-dist/tex/latex/listings/listings.cfg
File: listings.cfg 2020/03/24 1.8d listings configuration
))
Package: listings 2020/03/24 1.8d (Carsten Heinz)

(/usr/share/texlive/texmf-dist/tex/latex/paracol/paracol.sty
Package: paracol 2018/12/31 v1.35 
\pcol@currcol=\count408
\pcol@nextcol=\count409
\pcol@ncol=\count410
\pcol@ncolleft=\count411
\pcol@page=\count412
\pcol@basepage=\count413
\pcol@toppage=\count414
\pcol@footnotebase=\count415
\pcol@nfootnotes=\count416
\pcol@mcid=\count417
\pcol@prevdepth=\dimen291
\pcol@colht=\dimen292
\pcol@textfloatsep=\dimen293
\pcol@lrmargin=\dimen294
\pagerim=\dimen295
\pcol@topskip=\skip125
\belowfootnoteskip=\skip126
\pcol@topfnotes=\box131
\pcol@prespan=\box132
\pcol@rightpage=\box133
\pcol@colorstack@saved=\box134
\pcol@tempboxa=\box135
\pcol@tempboxb=\box136
\pcol@colorins=\insert252
\pcol@everyvbox=\toks40
)
(/usr/share/texlive/texmf-dist/tex/latex/minted/minted.sty
Package: minted 2021/12/24 v2.6 Yet another Pygments shim for LaTeX

(/usr/share/texlive/texmf-dist/tex/latex/fvextra/fvextra.sty
Package: fvextra 2019/02/04 v1.4 fvextra - extensions and patches for fancyvrb

(/usr/share/texlive/texmf-dist/tex/latex/fancyvrb/fancyvrb.sty
Package: fancyvrb 2021/12/21 4.1b verbatim text (tvz,hv)
\FV@CodeLineNo=\count418
\FV@InFile=\read5
\FV@TabBox=\box137
\c@FancyVerbLine=\count419
\FV@StepNumber=\count420
\FV@OutFile=\write4
)
(/usr/share/texlive/texmf-dist/tex/latex/upquote/upquote.sty
Package: upquote 2012/04/19 v1.3 upright-quote and grave-accent glyphs in verba
tim
)
(/usr/share/texlive/texmf-dist/tex/latex/lineno/lineno.sty
Package: lineno 2005/11/02 line numbers on paragraphs v4.41
\linenopenalty=\count421
\output=\toks41
\linenoprevgraf=\count422
\linenumbersep=\dimen296
\linenumberwidth=\dimen297
\c@linenumber=\count423
\c@pagewiselinenumber=\count424
\c@LN@truepage=\count425
\c@internallinenumber=\count426
\c@internallinenumbers=\count427
\quotelinenumbersep=\dimen298
\bframerule=\dimen299
\bframesep=\dimen300
\bframebox=\box138
LaTeX Info: Redefining \\ on input line 3056.
)
\c@FV@TrueTabGroupLevel=\count428
\c@FV@TrueTabCounter=\count429
\FV@TabBox@Group=\box139
\FV@TmpLength=\skip127
\c@FV@HighlightLinesStart=\count430
\c@FV@HighlightLinesStop=\count431
\FV@LoopCount=\count432
\FV@NCharsBox=\box140
\FV@BreakIndent=\dimen301
\FV@BreakIndentNChars=\count433
\FV@BreakSymbolSepLeft=\dimen302
\FV@BreakSymbolSepLeftNChars=\count434
\FV@BreakSymbolSepRight=\dimen303
\FV@BreakSymbolSepRightNChars=\count435
\FV@BreakSymbolIndentLeft=\dimen304
\FV@BreakSymbolIndentLeftNChars=\count436
\FV@BreakSymbolIndentRight=\dimen305
\FV@BreakSymbolIndentRightNChars=\count437
\c@FancyVerbLineBreakLast=\count438
\FV@LineBox=\box141
\FV@LineIndentBox=\box142
\FV@LineWidth=\dimen306
)
(/usr/share/texlive/texmf-dist/tex/latex/tools/shellesc.sty
Package: shellesc 2019/11/08 v1.0c unified shell escape interface for LaTeX
Package shellesc Info: Unrestricted shell escape enabled on input line 75.
)
(/usr/share/texlive/texmf-dist/tex/latex/ifplatform/ifplatform.sty
Package: ifplatform 2017/10/13 v0.4a Testing for the operating system

(/usr/share/texlive/texmf-dist/tex/generic/catchfile/catchfile.sty
Package: catchfile 2019/12/09 v1.8 Catch the contents of a file (HO)
)
(/usr/share/texlive/texmf-dist/tex/generic/iftex/ifluatex.sty
Package: ifluatex 2019/10/25 v1.5 ifluatex legacy package. Use iftex instead.
)
runsystem(uname -s > "dia.w18")...executed.

 (./dia.w18)
runsystem(rm -- "dia.w18")...executed.

)
(/usr/share/texlive/texmf-dist/tex/generic/xstring/xstring.sty
(/usr/share/texlive/texmf-dist/tex/generic/xstring/xstring.tex
\integerpart=\count439
\decimalpart=\count440
)
Package: xstring 2021/07/21 v1.84 String manipulations (CT)
)
(/usr/share/texlive/texmf-dist/tex/latex/framed/framed.sty
Package: framed 2011/10/22 v 0.96: framed or shaded text with page breaks
\OuterFrameSep=\skip128
\fb@frw=\dimen307
\fb@frh=\dimen308
\FrameRule=\dimen309
\FrameSep=\dimen310
)
(/usr/share/texlive/texmf-dist/tex/latex/float/float.sty
Package: float 2001/11/08 v1.3d Float enhancements (AL)
\c@float@type=\count441
\float@exts=\toks42
\float@box=\box143
\@float@everytoks=\toks43
\@floatcapt=\box144
)
\minted@appexistsfile=\read6
\minted@bgbox=\box145
\minted@code=\write5
\c@minted@FancyVerbLineTemp=\count442
\c@minted@pygmentizecounter=\count443
\@float@every@listing=\toks44
\c@listing=\count444
)
runsystem(mkdir -p _minted-dia)...executed.

\c@subc=\count445
\c@subsubc=\count446
\c@notec=\count447

(/usr/share/texlive/texmf-dist/tex/latex/tools/tabularx.sty
Package: tabularx 2020/01/15 v2.11c `tabularx' package (DPC)
\TX@col@width=\dimen311
\TX@old@table=\dimen312
\TX@old@col=\dimen313
\TX@target=\dimen314
\TX@delta=\dimen315
\TX@cols=\count448
\TX@ftn=\toks45
)
(/usr/share/texlive/texmf-dist/tex/latex/ragged2e/ragged2e.sty
Package: ragged2e 2021/12/15 v3.1 ragged2e Package
\CenteringLeftskip=\skip129
\RaggedLeftLeftskip=\skip130
\RaggedRightLeftskip=\skip131
\CenteringRightskip=\skip132
\RaggedLeftRightskip=\skip133
\RaggedRightRightskip=\skip134
\CenteringParfillskip=\skip135
\RaggedLeftParfillskip=\skip136
\RaggedRightParfillskip=\skip137
\JustifyingParfillskip=\skip138
\CenteringParindent=\skip139
\RaggedLeftParindent=\skip140
\RaggedRightParindent=\skip141
\JustifyingParindent=\skip142
)
(/usr/share/texlive/texmf-dist/tex/latex/booktabs/booktabs.sty
Package: booktabs 2020/01/12 v1.61803398 Publication quality tables
\heavyrulewidth=\dimen316
\lightrulewidth=\dimen317
\cmidrulewidth=\dimen318
\belowrulesep=\dimen319
\belowbottomsep=\dimen320
\aboverulesep=\dimen321
\abovetopsep=\dimen322
\cmidrulesep=\dimen323
\cmidrulekern=\dimen324
\defaultaddspace=\dimen325
\@cmidla=\count449
\@cmidlb=\count450
\@aboverulesep=\dimen326
\@belowrulesep=\dimen327
\@thisruleclass=\count451
\@lastruleclass=\count452
\@thisrulewidth=\dimen328
)
(/usr/share/texlive/texmf-dist/tex/latex/biblatex/biblatex.sty
Package: biblatex 2022/02/02 v3.17 programmable bibliographies (PK/MW)

(/usr/share/texlive/texmf-dist/tex/latex/logreq/logreq.sty
Package: logreq 2010/08/04 v1.0 xml request logger
\lrq@indent=\count453

(/usr/share/texlive/texmf-dist/tex/latex/logreq/logreq.def
File: logreq.def 2010/08/04 v1.0 logreq spec v1.0
))
(/usr/share/texlive/texmf-dist/tex/latex/url/url.sty
\Urlmuskip=\muskip16
Package: url 2013/09/16  ver 3.4  Verb mode for urls, etc.
)
\c@tabx@nest=\count454
\c@listtotal=\count455
\c@listcount=\count456
\c@liststart=\count457
\c@liststop=\count458
\c@citecount=\count459
\c@citetotal=\count460
\c@multicitecount=\count461
\c@multicitetotal=\count462
\c@instcount=\count463
\c@maxnames=\count464
\c@minnames=\count465
\c@maxitems=\count466
\c@minitems=\count467
\c@citecounter=\count468
\c@maxcitecounter=\count469
\c@savedcitecounter=\count470
\c@uniquelist=\count471
\c@uniquename=\count472
\c@refsection=\count473
\c@refsegment=\count474
\c@maxextratitle=\count475
\c@maxextratitleyear=\count476
\c@maxextraname=\count477
\c@maxextradate=\count478
\c@maxextraalpha=\count479
\c@abbrvpenalty=\count480
\c@highnamepenalty=\count481
\c@lownamepenalty=\count482
\c@maxparens=\count483
\c@parenlevel=\count484
\blx@tempcnta=\count485
\blx@tempcntb=\count486
\blx@tempcntc=\count487
\c@blx@maxsection=\count488
\c@blx@maxsegment@0=\count489
\blx@notetype=\count490
\blx@parenlevel@text=\count491
\blx@parenlevel@foot=\count492
\c@blx@sectionciteorder@0=\count493
\blx@entrysetcounter=\count494
\blx@biblioinstance=\count495
\labelnumberwidth=\skip143
\labelalphawidth=\skip144
\biblabelsep=\skip145
\bibitemsep=\skip146
\bibnamesep=\skip147
\bibinitsep=\skip148
\bibparsep=\skip149
\bibhang=\skip150
\blx@bcfin=\read7
\blx@bcfout=\write6
\blx@langwohyphens=\language88
\c@mincomprange=\count496
\c@maxcomprange=\count497
\c@mincompwidth=\count498
Package biblatex Info: Trying to load biblatex default data model...
Package biblatex Info: ... file 'blx-dm.def' found.

(/usr/share/texlive/texmf-dist/tex/latex/biblatex/blx-dm.def
File: blx-dm.def 2022/02/02 v3.17 biblatex localization (PK/MW)
)
Package biblatex Info: Trying to load biblatex style data model...
Package biblatex Info: ... file 'alphabetic.dbx' not found.
Package biblatex Info: Trying to load biblatex custom data model...
Package biblatex Info: ... file 'biblatex-dm.cfg' not found.
\c@afterword=\count499
\c@savedafterword=\count500
\c@annotator=\count501
\c@savedannotator=\count502
\c@author=\count503
\c@savedauthor=\count504
\c@bookauthor=\count505
\c@savedbookauthor=\count506
\c@commentator=\count507
\c@savedcommentator=\count508
\c@editor=\count509
\c@savededitor=\count510
\c@editora=\count511
\c@savededitora=\count512
\c@editorb=\count513
\c@savededitorb=\count514
\c@editorc=\count515
\c@savededitorc=\count516
\c@foreword=\count517
\c@savedforeword=\count518
\c@holder=\count519
\c@savedholder=\count520
\c@introduction=\count521
\c@savedintroduction=\count522
\c@namea=\count523
\c@savednamea=\count524
\c@nameb=\count525
\c@savednameb=\count526
\c@namec=\count527
\c@savednamec=\count528
\c@translator=\count529
\c@savedtranslator=\count530
\c@shortauthor=\count531
\c@savedshortauthor=\count532
\c@shorteditor=\count533
\c@savedshorteditor=\count534
\c@labelname=\count535
\c@savedlabelname=\count536
\c@institution=\count537
\c@savedinstitution=\count538
\c@lista=\count539
\c@savedlista=\count540
\c@listb=\count541
\c@savedlistb=\count542
\c@listc=\count543
\c@savedlistc=\count544
\c@listd=\count545
\c@savedlistd=\count546
\c@liste=\count547
\c@savedliste=\count548
\c@listf=\count549
\c@savedlistf=\count550
\c@location=\count551
\c@savedlocation=\count552
\c@organization=\count553
\c@savedorganization=\count554
\c@origlocation=\count555
\c@savedoriglocation=\count556
\c@origpublisher=\count557
\c@savedorigpublisher=\count558
\c@publisher=\count559
\c@savedpublisher=\count560
\c@language=\count561
\c@savedlanguage=\count562
\c@origlanguage=\count563
\c@savedoriglanguage=\count564
\c@pageref=\count565
\c@savedpageref=\count566
\shorthandwidth=\skip151
\shortjournalwidth=\skip152
\shortserieswidth=\skip153
\shorttitlewidth=\skip154
\shortauthorwidth=\skip155
\shorteditorwidth=\skip156
\locallabelnumberwidth=\skip157
\locallabelalphawidth=\skip158
\localshorthandwidth=\skip159
\localshortjournalwidth=\skip160
\localshortserieswidth=\skip161
\localshorttitlewidth=\skip162
\localshortauthorwidth=\skip163
\localshorteditorwidth=\skip164
Package biblatex Info: Trying to load compatibility code...
Package biblatex Info: ... file 'blx-compat.def' found.

(/usr/share/texlive/texmf-dist/tex/latex/biblatex/blx-compat.def
File: blx-compat.def 2022/02/02 v3.17 biblatex compatibility (PK/MW)
)
Package biblatex Info: Trying to load generic definitions...
Package biblatex Info: ... file 'biblatex.def' found.

(/usr/share/texlive/texmf-dist/tex/latex/biblatex/biblatex.def
File: biblatex.def 2022/02/02 v3.17 biblatex compatibility (PK/MW)
\c@textcitecount=\count567
\c@textcitetotal=\count568
\c@textcitemaxnames=\count569
\c@biburlbigbreakpenalty=\count570
\c@biburlbreakpenalty=\count571
\c@biburlnumpenalty=\count572
\c@biburlucpenalty=\count573
\c@biburllcpenalty=\count574
\biburlbigskip=\muskip17
\biburlnumskip=\muskip18
\biburlucskip=\muskip19
\biburllcskip=\muskip20
\c@smartand=\count575
)
Package biblatex Info: Trying to load bibliography style 'alphabetic'...
Package biblatex Info: ... file 'alphabetic.bbx' found.

(/usr/share/texlive/texmf-dist/tex/latex/biblatex/bbx/alphabetic.bbx
File: alphabetic.bbx 2022/02/02 v3.17 biblatex bibliography style (PK/MW)
Package biblatex Info: Trying to load bibliography style 'standard'...
Package biblatex Info: ... file 'standard.bbx' found.

(/usr/share/texlive/texmf-dist/tex/latex/biblatex/bbx/standard.bbx
File: standard.bbx 2022/02/02 v3.17 biblatex bibliography style (PK/MW)
\c@bbx:relatedcount=\count576
\c@bbx:relatedtotal=\count577
))
Package biblatex Info: Trying to load citation style 'alphabetic'...
Package biblatex Info: ... file 'alphabetic.cbx' found.

(/usr/share/texlive/texmf-dist/tex/latex/biblatex/cbx/alphabetic.cbx
File: alphabetic.cbx 2022/02/02 v3.17 biblatex citation style (PK/MW)
Package biblatex Info: Redefining '\cite'.
Package biblatex Info: Redefining '\parencite'.
Package biblatex Info: Redefining '\footcite'.
Package biblatex Info: Redefining '\footcitetext'.
Package biblatex Info: Redefining '\smartcite'.
Package biblatex Info: Redefining '\textcite'.
Package biblatex Info: Redefining '\textcites'.
Package biblatex Info: Redefining '\cites'.
Package biblatex Info: Redefining '\parencites'.
Package biblatex Info: Redefining '\smartcites'.
)
Package biblatex Info: Trying to load configuration file...
Package biblatex Info: ... file 'biblatex.cfg' found.

(/usr/share/texlive/texmf-dist/tex/latex/biblatex/biblatex.cfg
File: biblatex.cfg 
)
Package biblatex Info: Input encoding 'utf8' detected.
Package biblatex Info: Document encoding is UTF8 ....
Package biblatex Info: ... and expl3
(biblatex)             2022-01-21 L3 programming layer (loader) 
(biblatex)             is new enough (at least 2020/04/06),
(biblatex)             setting 'casechanger=expl3'.

(/usr/share/texlive/texmf-dist/tex/latex/biblatex/blx-case-expl3.sty
Package: blx-case-expl3 2022/02/02 v3.17 expl3 case changing code for biblatex
))
runsystem(which pygmentize && touch dia.aex)...executed.

runsystem(rm dia.aex)...executed.



Package biblatex Warning: 'babel/polyglossia' detected but 'csquotes' missing.
(biblatex)                Loading 'csquotes' recommended.

\@quotelevel=\count578
\@quotereset=\count579
LaTeX Font Info:    Trying to load font information for T1+stix on input line 2
15.
(/usr/share/texlive/texmf-dist/tex/latex/stix/t1stix.fd
File: t1stix.fd 2015/04/17 v1.1.2-latex STIX T1 font definitions
) (./dia.aux)
\openout1 = `dia.aux'.

LaTeX Font Info:    Checking defaults for OML/cmm/m/it on input line 215.
LaTeX Font Info:    ... okay on input line 215.
LaTeX Font Info:    Checking defaults for OMS/cmsy/m/n on input line 215.
LaTeX Font Info:    ... okay on input line 215.
LaTeX Font Info:    Checking defaults for OT1/cmr/m/n on input line 215.
LaTeX Font Info:    ... okay on input line 215.
LaTeX Font Info:    Checking defaults for T1/cmr/m/n on input line 215.
LaTeX Font Info:    ... okay on input line 215.
LaTeX Font Info:    Checking defaults for TS1/cmr/m/n on input line 215.
LaTeX Font Info:    ... okay on input line 215.
LaTeX Font Info:    Checking defaults for OMX/cmex/m/n on input line 215.
LaTeX Font Info:    ... okay on input line 215.
LaTeX Font Info:    Checking defaults for U/cmr/m/n on input line 215.
LaTeX Font Info:    ... okay on input line 215.
LaTeX Font Info:    Checking defaults for LS1/stix/m/n on input line 215.
LaTeX Font Info:    Trying to load font information for LS1+stix on input line 
215.

(/usr/share/texlive/texmf-dist/tex/latex/stix/ls1stix.fd
File: ls1stix.fd 2015/04/17 v1.1.2-latex STIX LS1 font definitions
)
LaTeX Font Info:    ... okay on input line 215.
LaTeX Font Info:    Checking defaults for LS2/stix/m/n on input line 215.
LaTeX Font Info:    Trying to load font information for LS2+stix on input line 
215.

(/usr/share/texlive/texmf-dist/tex/latex/stix/ls2stix.fd
File: ls2stix.fd 2015/04/17 v1.1.2-latex STIX LS2 font definitions
)
LaTeX Font Info:    ... okay on input line 215.

*geometry* driver: auto-detecting
*geometry* detected driver: pdftex
*geometry* verbose mode - [ preamble ] result:
* driver: pdftex
* paper: a4paper
* layout: <same size as paper>
* layoutoffset:(h,v)=(0.0pt,0.0pt)
* modes: 
* h-part:(L,W,R)=(56.90552pt, 483.69684pt, 56.90552pt)
* v-part:(T,H,B)=(42.11008pt, 739.77165pt, 63.16512pt)
* \paperwidth=597.50787pt
* \paperheight=845.04684pt
* \textwidth=483.69684pt
* \textheight=739.77165pt
* \oddsidemargin=-15.36447pt
* \evensidemargin=-15.36447pt
* \topmargin=-67.15991pt
* \headheight=12.0pt
* \headsep=25.0pt
* \topskip=10.0pt
* \footskip=30.0pt
* \marginparwidth=57.0pt
* \marginparsep=11.0pt
* \columnsep=10.0pt
* \skip\footins=9.0pt plus 4.0pt minus 2.0pt
* \hoffset=0.0pt
* \voffset=0.0pt
* \mag=1000
* \@twocolumnfalse
* \@twosidefalse
* \@mparswitchfalse
* \@reversemarginfalse
* (1in=72.27pt=25.4mm, 1cm=28.453pt)

(/usr/share/texlive/texmf-dist/tex/context/base/mkii/supp-pdf.mkii
[Loading MPS to PDF converter (version 2006.09.02).]
\scratchcounter=\count580
\scratchdimen=\dimen329
\scratchbox=\box146
\nofMPsegments=\count581
\nofMParguments=\count582
\everyMPshowfont=\toks46
\MPscratchCnt=\count583
\MPscratchDim=\dimen330
\MPnumerator=\count584
\makeMPintoPDFobject=\count585
\everyMPtoPDFconversion=\toks47
) (/usr/share/texlive/texmf-dist/tex/latex/epstopdf-pkg/epstopdf-base.sty
Package: epstopdf-base 2020-01-24 v2.11 Base part for package epstopdf
Package epstopdf-base Info: Redefining graphics rule for `.eps' on input line 4
85.

(/usr/share/texlive/texmf-dist/tex/latex/latexconfig/epstopdf-sys.cfg
File: epstopdf-sys.cfg 2010/07/13 v1.3 Configuration of (r)epstopdf for TeX Liv
e
))
\Etoc@tf=\read8

(/usr/share/texlive/texmf-dist/tex/latex/pdflscape/pdflscape.sty
Package: pdflscape 2019/12/05 v0.12 Display of landscape pages in PDF (HO)

(/usr/share/texlive/texmf-dist/tex/latex/graphics/lscape.sty
Package: lscape 2020/05/28 v3.02 Landscape Pages (DPC)
)
Package pdflscape Info: Auto-detected driver: pdftex on input line 81.
)
\c@lstlisting=\count586
Package biblatex Info: Trying to load language 'ngerman'...
Package biblatex Info: ... file 'ngerman.lbx' found.

(/usr/share/texlive/texmf-dist/tex/latex/biblatex/lbx/ngerman.lbx
File: ngerman.lbx 2022/02/02 v3.17 biblatex localization (PK/MW)
Package biblatex Info: Trying to load language 'german'...
Package biblatex Info: ... file 'german.lbx' found.

(/usr/share/texlive/texmf-dist/tex/latex/biblatex/lbx/german.lbx
File: german.lbx 2022/02/02 v3.17 biblatex localization (PK/MW)
)
Package biblatex Info: Trying to load language 'german'...
Package biblatex Info: ... file 'german.lbx' found.

(/usr/share/texlive/texmf-dist/tex/latex/biblatex/lbx/german.lbx
File: german.lbx 2022/02/02 v3.17 biblatex localization (PK/MW)
))
Package biblatex Info: Input encoding 'utf8' detected.
Package biblatex Info: Automatic encoding selection.
(biblatex)             Assuming data encoding 'utf8'.
\openout6 = `dia.bcf'.

Package biblatex Info: Trying to load bibliographic data...
Package biblatex Info: ... file 'dia.bbl' found.
 (./dia.bbl)
Package biblatex Info: Reference section=0 on input line 215.
Package biblatex Info: Reference segment=0 on input line 215.
\g__tikzsymbols_savebox_F_0 g 0 G_17.28_BasicTree_1.5_brown!70!black_green!90!b
lack_green!80!black_leaf_box=\box147
LaTeX Font Info:    Trying to load font information for LS1+stixscr on input li
ne 223.

(/usr/share/texlive/texmf-dist/tex/latex/stix/ls1stixscr.fd
File: ls1stixscr.fd 2015/04/17 v1.1.2-latex STIX script LS1 font definitions
)
LaTeX Font Info:    Trying to load font information for LS2+stixex on input lin
e 223.

(/usr/share/texlive/texmf-dist/tex/latex/stix/ls2stixex.fd
File: ls2stixex.fd 2015/04/17 v1.1.2-latex STIX extentions LS2 font definitions

)
LaTeX Font Info:    Trying to load font information for U+wasy on input line 22
3.

(/usr/share/texlive/texmf-dist/tex/latex/wasysym/uwasy.fd
File: uwasy.fd 2020/01/19 v2.4 Wasy-2 symbol font definitions
)
LaTeX Font Info:    Trying to load font information for LS1+stixfrak on input l
ine 223.

(/usr/share/texlive/texmf-dist/tex/latex/stix/ls1stixfrak.fd
File: ls1stixfrak.fd 2015/04/17 v1.1.2-latex STIX fraktur LS1 font definitions
)
LaTeX Font Info:    Trying to load font information for LS1+stixbb on input lin
e 223.

(/usr/share/texlive/texmf-dist/tex/latex/stix/ls1stixbb.fd
File: ls1stixbb.fd 2015/04/17 v1.1.2-latex STIX blackboard LS1 font definitions

)
LaTeX Font Info:    Trying to load font information for LS2+stixcal on input li
ne 223.

(/usr/share/texlive/texmf-dist/tex/latex/stix/ls2stixcal.fd
File: ls2stixcal.fd 2015/04/17 v1.1.2-latex STIX calligraphic LS2 font definiti
ons
)
LaTeX Font Info:    Trying to load font information for LS1+stixsf on input lin
e 223.

(/usr/share/texlive/texmf-dist/tex/latex/stix/ls1stixsf.fd
File: ls1stixsf.fd 2015/04/17 v1.1.2-latex STIX sans-serif LS1 font definitions

)
LaTeX Font Info:    Trying to load font information for LS2+stixtt on input lin
e 223.

(/usr/share/texlive/texmf-dist/tex/latex/stix/ls2stixtt.fd
File: ls2stixtt.fd 2015/04/17 v1.1.2-latex STIX typewriter LS2 font definitions

)
LaTeX Font Info:    Font shape `T1/stix/m/sl' in size <12> not available
(Font)              Font shape `T1/stix/m/it' tried instead on input line 223.
\tf@toc=\write7
\openout7 = `dia.toc'.

 [1

{/var/lib/texmf/fonts/map/pdftex/updmap/pdftex.map}] [2] [3]
LaTeX Font Info:    Trying to load font information for T1+cmtt on input line 2
76.

(/usr/share/texlive/texmf-dist/tex/latex/base/t1cmtt.fd
File: t1cmtt.fd 2019/12/16 v2.5j Standard LaTeX font definitions
)
LaTeX Font Info:    Trying to load font information for TS1+stix on input line 
301.

(/usr/share/texlive/texmf-dist/tex/latex/stix/ts1stix.fd
File: ts1stix.fd 2015/04/17 v1.1.2-latex STIX TS1 font definitions
) [4]
Overfull \vbox (42.13335pt too high) has occurred while \output is active []


[5] [6] [7] [8] [9] [10]
Package mdframed Info: mdframed inside a box 
 mdframed uses option nobreak mdframed on input line 1047.
 [11]
\g__tikzsymbols_savebox_F_0 g 0 G_10_dChangey_1.5_yellow_-2_box=\box148
\g__tikzsymbols_savebox_F_0 g 0 G_10_dChangey_1.5_yellow_-1.5_box=\box149
\g__tikzsymbols_savebox_F_0 g 0 G_10_dChangey_1.5_yellow_-1_box=\box150
\g__tikzsymbols_savebox_F_0 g 0 G_10_dChangey_1.5_yellow_0_box=\box151
\g__tikzsymbols_savebox_F_0 g 0 G_10_dChangey_1.5_yellow_1_box=\box152
\g__tikzsymbols_savebox_F_0 g 0 G_10_dChangey_1.5_yellow_1.5_box=\box153
\g__tikzsymbols_savebox_F_0 g 0 G_10_dChangey_1.5_yellow_2_box=\box154
LaTeX Font Info:    Font shape `T1/stix/m/sl' in size <10> not available
(Font)              Font shape `T1/stix/m/it' tried instead on input line 1201.

 [12] [13]
Package mdframed Info: Not enough space on this page on input line 1275.
 [14]
Package mdframed Info: Box was splittet wrong
 starting loop to iterate the splitting point
(mdframed)              on input line 1532.
 [15] [16]
\g__tikzsymbols_savebox_F_0 g 0 G_10_dChangey_1.5_gold(web)(golden)_2_box=\box1
55
Package mdframed Info: Box was splittet wrong
 starting loop to iterate the splitting point
(mdframed)              on input line 1802.
 [17]
\g__tikzsymbols_savebox_F_0 g 0 G_10_dChangey_1.5_red_0_box=\box156
\g__tikzsymbols_savebox_F_0 g 0 G_10_dChangey_1.5_green_2_box=\box157
Package mdframed Info: Box was splittet wrong
 starting loop to iterate the splitting point
(mdframed)              on input line 1920.
 [18]
\g__tikzsymbols_savebox_F_0 g 0 G_10_dChangey_1.5_red_1_box=\box158
\g__tikzsymbols_savebox_F_0 g 0 G_10_dChangey_1.5_green_1_box=\box159
 [19]
\g__tikzsymbols_savebox_F_0 g 0 G_10_dChangey_1.5_red_2_box=\box160
\tempbox=\box161

(/usr/share/texlive/texmf-dist/tex/latex/listings/lstlang1.sty
File: lstlang1.sty 2020/03/24 1.8d listings language file
) [20] [21]
[22]
\g__tikzsymbols_savebox_F_0 g 0 G_10_dChangey_1.5_green_0_box=\box162
Package mdframed Info: Box was splittet wrong
 starting loop to iterate the splitting point
(mdframed)              on input line 2485.
 [23]
\g__tikzsymbols_savebox_F_0 g 0 G_10_dChangey_1.5_orange_0_box=\box163
Package mdframed Info: Box was splittet wrong
 starting loop to iterate the splitting point
(mdframed)              on input line 2624.
 [24]
\g__tikzsymbols_savebox_F_0 g 0 G_10_dChangey_1.5_orange_1_box=\box164
 [25] [26]
\g__tikzsymbols_savebox_F_0 g 0 G_10_dChangey_1.5_orange_-1_box=\box165
 [27]
\g__tikzsymbols_savebox_F_0 g 0 G_10_dChangey_1.5_orange_2_box=\box166
 [28]
Package mdframed Info: Box was splittet wrong
 starting loop to iterate the splitting point
(mdframed)              on input line 3206.
 [29] [30] [31] [32] [33]
Package mdframed Info: Box was splittet wrong
 starting loop to iterate the splitting point
(mdframed)              on input line 3861.
 [34]
Package mdframed Info: Box was splittet wrong
 starting loop to iterate the splitting point
(mdframed)              on input line 3861.
 [35]
Package mdframed Info: Box was splittet wrong
 starting loop to iterate the splitting point
(mdframed)              on input line 4033.
 [36]
[37]
Package mdframed Info: Box was splittet wrong
 starting loop to iterate the splitting point
(mdframed)              on input line 4260.
 [38] [39] [40]
Package mdframed Info: Box was splittet wrong
 starting loop to iterate the splitting point
(mdframed)              on input line 4514.
 [41] [42]
\g__tikzsymbols_savebox_F_0 g 0 G_10_dChangey_1.5_green_-1_box=\box167
Package mdframed Info: Box was splittet wrong
 starting loop to iterate the splitting point
(mdframed)              on input line 4718.
 [43] [44]
Package mdframed Info: Box was splittet wrong
 starting loop to iterate the splitting point
(mdframed)              on input line 4968.
 [45] [46] [47] [48] [49] [50] [51]
[52] [53] [54] [55] [56] [57]
Package mdframed Info: Box was splittet wrong
 starting loop to iterate the splitting point
(mdframed)              on input line 6442.
 [58] [59] [60]
Package mdframed Info: Not enough space on this page on input line 6825.
 [61] [62] [63]
Package mdframed Info: Box was splittet wrong
 starting loop to iterate the splitting point
(mdframed)              on input line 7166.
 [64] [65] [66]
[67] [68]
Package mdframed Info: Box was splittet wrong
 starting loop to iterate the splitting point
(mdframed)              on input line 7720.
 [69]
Package mdframed Info: Box was splittet wrong
 starting loop to iterate the splitting point
(mdframed)              on input line 7971.
 [70] [71] [72] [73]
Package mdframed Info: Box was splittet wrong
 starting loop to iterate the splitting point
(mdframed)              on input line 8351.
 [74] [75] [76]
Package mdframed Info: Not enough space on this page on input line 8674.
Package mdframed Info: Box was splittet wrong
 starting loop to iterate the splitting point
(mdframed)              on input line 8674.
 [77] [78] [79] [80] [81]
Package mdframed Info: Box was splittet wrong
 starting loop to iterate the splitting point
(mdframed)              on input line 9328.

[82] [83]
Package mdframed Info: Not enough space on this page on input line 9439.
 [84] [85]
Package mdframed Info: Box was splittet wrong
 starting loop to iterate the splitting point
(mdframed)              on input line 9692.
 [86] [87] [88] [89] [90] [91] [92] [93] [94]
Package mdframed Info: Box was splittet wrong
 starting loop to iterate the splitting point
(mdframed)              on input line 10690.
 [95] [96]
[97] [98] [99] [100] [101] [102] [103]
Package mdframed Info: Not enough space on this page on input line 11519.
 [104] [105] [106] [107] [108] [109]
<lw220912.pdf, id=376, 614.295pt x 794.97pt>
File: lw220912.pdf Graphic file (type pdf)
<use lw220912.pdf>
Package pdftex.def Info: lw220912.pdf  used on input line 12079.
(pdftex.def)             Requested size: 614.29349pt x 794.96806pt.
File: lw220912.pdf Graphic file (type pdf)
<use lw220912.pdf>
Package pdftex.def Info: lw220912.pdf  used on input line 12079.
(pdftex.def)             Requested size: 614.29349pt x 794.96806pt.
<lw220912.pdf, id=379, page=1, 614.295pt x 794.97pt>
File: lw220912.pdf Graphic file (type pdf)
<use lw220912.pdf, page 1>
Package pdftex.def Info: lw220912.pdf , page1 used on input line 12079.
(pdftex.def)             Requested size: 614.29349pt x 794.96806pt.
File: lw220912.pdf Graphic file (type pdf)
<use lw220912.pdf, page 1>
Package pdftex.def Info: lw220912.pdf , page1 used on input line 12079.
(pdftex.def)             Requested size: 552.86038pt x 715.4664pt.

[110]
File: lw220912.pdf Graphic file (type pdf)
<use lw220912.pdf, page 1>
Package pdftex.def Info: lw220912.pdf , page1 used on input line 12079.
(pdftex.def)             Requested size: 552.86038pt x 715.4664pt.
File: lw220912.pdf Graphic file (type pdf)
<use lw220912.pdf, page 1>
Package pdftex.def Info: lw220912.pdf , page1 used on input line 12079.
(pdftex.def)             Requested size: 552.86038pt x 715.4664pt.
File: lw220912.pdf Graphic file (type pdf)
<use lw220912.pdf, page 1>
Package pdftex.def Info: lw220912.pdf , page1 used on input line 12079.
(pdftex.def)             Requested size: 552.86038pt x 715.4664pt.
 [111 <./lw220912.pdf>]
<dosb.pdf, id=390, 597.51233pt x 845.0471pt>
File: dosb.pdf Graphic file (type pdf)
<use dosb.pdf>
Package pdftex.def Info: dosb.pdf  used on input line 12090.
(pdftex.def)             Requested size: 597.51086pt x 845.04504pt.
File: dosb.pdf Graphic file (type pdf)
<use dosb.pdf>
Package pdftex.def Info: dosb.pdf  used on input line 12090.
(pdftex.def)             Requested size: 597.51086pt x 845.04504pt.
<dosb.pdf, id=393, page=1, 597.51233pt x 845.0471pt>
File: dosb.pdf Graphic file (type pdf)
<use dosb.pdf, page 1>
Package pdftex.def Info: dosb.pdf , page1 used on input line 12090.
(pdftex.def)             Requested size: 597.51086pt x 845.04504pt.
File: dosb.pdf Graphic file (type pdf)
<use dosb.pdf, page 1>
Package pdftex.def Info: dosb.pdf , page1 used on input line 12090.
(pdftex.def)             Requested size: 537.75612pt x 760.53537pt.
File: dosb.pdf Graphic file (type pdf)
<use dosb.pdf, page 1>
Package pdftex.def Info: dosb.pdf , page1 used on input line 12090.
(pdftex.def)             Requested size: 537.75612pt x 760.53537pt.
File: dosb.pdf Graphic file (type pdf)
<use dosb.pdf, page 1>
Package pdftex.def Info: dosb.pdf , page1 used on input line 12090.
(pdftex.def)             Requested size: 537.75612pt x 760.53537pt.
File: dosb.pdf Graphic file (type pdf)
<use dosb.pdf, page 1>
Package pdftex.def Info: dosb.pdf , page1 used on input line 12090.
(pdftex.def)             Requested size: 537.75612pt x 760.53537pt.
 [112 <./dosb.pdf>]
<menue/vThunfischR.png, id=413, 291.0875pt x 192.72pt>
File: menue/vThunfischR.png Graphic file (type png)
<use menue/vThunfischR.png>
Package pdftex.def Info: menue/vThunfischR.png  used on input line 12166.
(pdftex.def)             Requested size: 113.80792pt x 75.3487pt.
<menue/eThunfischR.png, id=414, 291.0875pt x 192.72pt>
File: menue/eThunfischR.png Graphic file (type png)
<use menue/eThunfischR.png>
Package pdftex.def Info: menue/eThunfischR.png  used on input line 12173.
(pdftex.def)             Requested size: 113.80792pt x 75.3487pt.
<menue/vLeberBohnen.png, id=415, 291.0875pt x 192.72pt>
File: menue/vLeberBohnen.png Graphic file (type png)
<use menue/vLeberBohnen.png>
Package pdftex.def Info: menue/vLeberBohnen.png  used on input line 12191.
(pdftex.def)             Requested size: 113.80792pt x 75.3487pt.
<menue/eLeberBohnen.png, id=416, 291.0875pt x 192.72pt>
File: menue/eLeberBohnen.png Graphic file (type png)
<use menue/eLeberBohnen.png>
Package pdftex.def Info: menue/eLeberBohnen.png  used on input line 12198.
(pdftex.def)             Requested size: 113.80792pt x 75.3487pt.
 [113 <./menue/vThunfischR.png> <./menue/eThunfischR.png>]
<menue/vTofuKartoffeln.png, id=420, 291.0875pt x 192.72pt>
File: menue/vTofuKartoffeln.png Graphic file (type png)
<use menue/vTofuKartoffeln.png>
Package pdftex.def Info: menue/vTofuKartoffeln.png  used on input line 12216.
(pdftex.def)             Requested size: 113.80792pt x 75.3487pt.
<menue/eTofuKartoffeln.png, id=421, 291.0875pt x 192.72pt>
File: menue/eTofuKartoffeln.png Graphic file (type png)
<use menue/eTofuKartoffeln.png>
Package pdftex.def Info: menue/eTofuKartoffeln.png  used on input line 12223.
(pdftex.def)             Requested size: 113.80792pt x 75.3487pt.
<menue/vLeberKohlrabi.png, id=422, 291.0875pt x 192.72pt>
File: menue/vLeberKohlrabi.png Graphic file (type png)
<use menue/vLeberKohlrabi.png>
Package pdftex.def Info: menue/vLeberKohlrabi.png  used on input line 12241.
(pdftex.def)             Requested size: 113.80792pt x 75.3487pt.
<menue/eLeberKohlrabi.png, id=423, 291.0875pt x 192.72pt>
File: menue/eLeberKohlrabi.png Graphic file (type png)
<use menue/eLeberKohlrabi.png>
Package pdftex.def Info: menue/eLeberKohlrabi.png  used on input line 12248.
(pdftex.def)             Requested size: 113.80792pt x 75.3487pt.
<menue/vWienerSk.png, id=424, 291.0875pt x 192.72pt>
File: menue/vWienerSk.png Graphic file (type png)
<use menue/vWienerSk.png>
Package pdftex.def Info: menue/vWienerSk.png  used on input line 12266.
(pdftex.def)             Requested size: 113.80792pt x 75.3487pt.
<menue/eWienerSk.png, id=425, 291.0875pt x 192.72pt>
File: menue/eWienerSk.png Graphic file (type png)
<use menue/eWienerSk.png>
Package pdftex.def Info: menue/eWienerSk.png  used on input line 12273.
(pdftex.def)             Requested size: 113.80792pt x 75.3487pt.
<menue/vThunfischMr.png, id=426, 291.0875pt x 192.72pt>
File: menue/vThunfischMr.png Graphic file (type png)
<use menue/vThunfischMr.png>
Package pdftex.def Info: menue/vThunfischMr.png  used on input line 12291.
(pdftex.def)             Requested size: 113.80792pt x 75.3487pt.
<menue/eThunfischMr.png, id=427, 291.0875pt x 192.72pt>
File: menue/eThunfischMr.png Graphic file (type png)
<use menue/eThunfischMr.png>
Package pdftex.def Info: menue/eThunfischMr.png  used on input line 12298.
(pdftex.def)             Requested size: 113.80792pt x 75.3487pt.
 [114 <./menue/vLeberBohnen.png> <./menue/eLeberBohnen.png> <./menue/vTofuKarto
ffeln.png> <./menue/eTofuKartoffeln.png> <./menue/vLeberKohlrabi.png> <./menue/
eLeberKohlrabi.png> <./menue/vWienerSk.png> <./menue/eWienerSk.png> <./menue/vT
hunfischMr.png> <./menue/eThunfischMr.png>]
\openout4 = `dia.pyg'.


(./_minted-dia/default.pygstyle)
(./_minted-dia/1D2A21B95A736071B246FCBA2B18D8317E4DB96A0959E35F4FC20921D95563A8
.pygtex
LaTeX Font Info:    Font shape `T1/cmtt/bx/n' in size <10> not available
(Font)              Font shape `T1/cmtt/m/n' tried instead on input line 2.
)
\openout4 = `dia.pyg'.


(./_minted-dia/153E1544025AC864CAD164BDA32A2C1EB209D16833555C9EFB9F9EA27F32D78D
.pygtex) [115] [116] [117] [118] [119] [120] [121] [122] [123] [124] [125]
[126] [127] [128] [129] [130]
<GrstAktz.pdf, id=483, 614.295pt x 794.97pt>
File: GrstAktz.pdf Graphic file (type pdf)
<use GrstAktz.pdf>
Package pdftex.def Info: GrstAktz.pdf  used on input line 13442.
(pdftex.def)             Requested size: 614.29349pt x 794.96806pt.
File: GrstAktz.pdf Graphic file (type pdf)
<use GrstAktz.pdf>
Package pdftex.def Info: GrstAktz.pdf  used on input line 13442.
(pdftex.def)             Requested size: 614.29349pt x 794.96806pt.
<GrstAktz.pdf, id=486, page=1, 614.295pt x 794.97pt>
File: GrstAktz.pdf Graphic file (type pdf)
<use GrstAktz.pdf, page 1>
Package pdftex.def Info: GrstAktz.pdf , page1 used on input line 13442.
(pdftex.def)             Requested size: 614.29349pt x 794.96806pt.
File: GrstAktz.pdf Graphic file (type pdf)
<use GrstAktz.pdf, page 1>
Package pdftex.def Info: GrstAktz.pdf , page1 used on input line 13442.
(pdftex.def)             Requested size: 552.86038pt x 715.4664pt.
 [131]
File: GrstAktz.pdf Graphic file (type pdf)
<use GrstAktz.pdf, page 1>
Package pdftex.def Info: GrstAktz.pdf , page1 used on input line 13442.
(pdftex.def)             Requested size: 552.86038pt x 715.4664pt.
File: GrstAktz.pdf Graphic file (type pdf)
<use GrstAktz.pdf, page 1>
Package pdftex.def Info: GrstAktz.pdf , page1 used on input line 13442.
(pdftex.def)             Requested size: 552.86038pt x 715.4664pt.
File: GrstAktz.pdf Graphic file (type pdf)
<use GrstAktz.pdf, page 1>
Package pdftex.def Info: GrstAktz.pdf , page1 used on input line 13442.
(pdftex.def)             Requested size: 552.86038pt x 715.4664pt.
 [132 <./GrstAktz.pdf>] [133] (./dia.aux)
runsystem(rm dia.pyg)...executed.

Package logreq Info: Writing requests to 'dia.run.xml'.
\openout1 = `dia.run.xml'.

 ) 
Here is how much of TeX's memory you used:
 41300 strings out of 478287
 839374 string characters out of 5849289
 1755885 words of memory out of 5000000
 58868 multiletter control sequences out of 15000+600000
 577776 words of font info for 145 fonts, out of 8000000 for 9000
 1143 hyphenation exceptions out of 8191
 115i,18n,118p,1124b,2792s stack positions out of 5000i,500n,10000p,200000b,80000s
{/usr/share/texmf/fonts/enc/dvips/cm-super/cm-super-t1.enc}{/usr/share/texliv
e/texmf-dist/fonts/enc/dvips/stix/stix-ts1.enc}{/usr/share/texlive/texmf-dist/f
onts/enc/dvips/stix/stix-t1.enc}</usr/share/texlive/texmf-dist/fonts/type1/publ
ic/stix/STIXGeneral-Bold.pfb></usr/share/texlive/texmf-dist/fonts/type1/public/
stix/STIXGeneral-Italic.pfb></usr/share/texlive/texmf-dist/fonts/type1/public/s
tix/STIXGeneral-Regular.pfb></usr/share/texmf/fonts/type1/public/cm-super/sfit1
000.pfb></usr/share/texmf/fonts/type1/public/cm-super/sftt1000.pfb></usr/share/
texlive/texmf-dist/fonts/type1/public/stix/stix-mathbb.pfb></usr/share/texlive/
texmf-dist/fonts/type1/public/stix/stix-mathex.pfb></usr/share/texlive/texmf-di
st/fonts/type1/public/stix/stix-mathit.pfb></usr/share/texlive/texmf-dist/fonts
/type1/public/stix/stix-mathrm.pfb></usr/share/texlive/texmf-dist/fonts/type1/p
ublic/stix/stix-mathscr.pfb></usr/share/texlive/texmf-dist/fonts/type1/public/w
asy-type1/wasy10.pfb>
Output written on dia.pdf (133 pages, 3140141 bytes).
PDF statistics:
 558 PDF objects out of 1000 (max. 8388607)
 354 compressed objects within 4 object streams
 0 named destinations out of 1000 (max. 500000)
 169 words of extra memory for PDF output out of 10000 (max. 10000000)

